2024-11-12 21:32:39.671 [info] Started local extension host with pid 247892.
2024-11-12 21:32:40.187 [info] Settings Sync: Updating authentication providers. Authentication Providers from store: [{"id":"github","scopes":["user:email"]},{"id":"microsoft","scopes":["openid","profile","email","offline_access"]}]
2024-11-12 21:32:40.187 [info] Settings Sync: Authentication providers updated []
2024-11-12 21:32:42.379 [info] [perf] Render performance baseline is 26ms
2024-11-12 21:32:47.079 [error] [Extension Host] View has not been initialized after retrying for 5 seconds.
2024-11-12 21:34:08.482 [info] Started local extension host with pid 255735.
2024-11-12 21:34:09.090 [info] Settings Sync: Updating authentication providers. Authentication Providers from store: [{"id":"github","scopes":["user:email"]},{"id":"microsoft","scopes":["openid","profile","email","offline_access"]}]
2024-11-12 21:34:09.091 [info] Settings Sync: Authentication providers updated []
2024-11-12 21:34:09.117 [info] Settings Sync: Updating authentication providers. Authentication Providers from store: [{"id":"github","scopes":["user:email"]},{"id":"microsoft","scopes":["openid","profile","email","offline_access"]}]
2024-11-12 21:34:09.117 [info] Settings Sync: Authentication providers updated ["github"]
2024-11-12 21:34:09.117 [info] Settings Sync: Updating authentication providers. Authentication Providers from store: [{"id":"github","scopes":["user:email"]},{"id":"microsoft","scopes":["openid","profile","email","offline_access"]}]
2024-11-12 21:34:09.118 [info] Settings Sync: Authentication providers updated ["github"]
2024-11-12 21:34:09.118 [info] Settings Sync: Updating due to declared authentication providers changed
2024-11-12 21:34:09.118 [info] Settings Sync: Updating authentication providers. Authentication Providers from store: [{"id":"github","scopes":["user:email"]},{"id":"microsoft","scopes":["openid","profile","email","offline_access"]}]
2024-11-12 21:34:09.119 [info] Settings Sync: Authentication providers updated ["github"]
2024-11-12 21:34:09.119 [info] Settings Sync: Updating authentication providers. Authentication Providers from store: [{"id":"github","scopes":["user:email"]},{"id":"microsoft","scopes":["openid","profile","email","offline_access"]}]
2024-11-12 21:34:09.119 [info] Settings Sync: Authentication providers updated ["github","microsoft"]
2024-11-12 21:34:09.119 [info] Settings Sync: Updating authentication providers. Authentication Providers from store: [{"id":"github","scopes":["user:email"]},{"id":"microsoft","scopes":["openid","profile","email","offline_access"]}]
2024-11-12 21:34:09.120 [info] Settings Sync: Authentication providers updated ["github","microsoft"]
2024-11-12 21:34:09.120 [info] Settings Sync: Updating due to declared authentication providers changed
2024-11-12 21:34:09.120 [info] Settings Sync: Updating authentication providers. Authentication Providers from store: [{"id":"github","scopes":["user:email"]},{"id":"microsoft","scopes":["openid","profile","email","offline_access"]}]
2024-11-12 21:34:09.120 [info] Settings Sync: Authentication providers updated ["github","microsoft"]
2024-11-12 21:34:09.921 [info] Settings Sync: Updating authentication providers. Authentication Providers from store: [{"id":"github","scopes":["user:email"]},{"id":"microsoft","scopes":["openid","profile","email","offline_access"]}]
2024-11-12 21:34:09.921 [info] Settings Sync: Authentication providers updated ["github","microsoft"]
2024-11-12 21:34:10.094 [info] Settings Sync: Updating authentication providers. Authentication Providers from store: [{"id":"github","scopes":["user:email"]},{"id":"microsoft","scopes":["openid","profile","email","offline_access"]}]
2024-11-12 21:34:10.094 [info] Settings Sync: Authentication providers updated ["github","microsoft"]
2024-11-12 21:34:11.146 [info] [perf] Render performance baseline is 42ms
2024-11-12 21:34:35.751 [error] [Extension Host] View has not been initialized after retrying for 5 seconds.
2024-11-12 21:34:47.501 [info] Extension host (LocalProcess pid: 255735) is unresponsive.
2024-11-12 21:34:48.856 [info] UNRESPONSIVE extension host: starting to profile NOW
