2024-11-12 21:32:40.001 [info] Using settings sync service https://vscode-sync.trafficmanager.net/
2024-11-12 21:32:40.001 [info] Auto Sync is enabled.
2024-11-12 21:32:40.001 [info] Auto Sync: Suspended until auth token is available.
2024-11-12 21:34:09.984 [info] Auto Sync: Triggered by Interval
2024-11-12 21:34:09.984 [info] Sync started.
2024-11-12 21:34:10.256 [info] Settings: No changes found during synchronizing settings.
2024-11-12 21:34:10.265 [info] Keybindings: No changes found during synchronizing keybindings.
2024-11-12 21:34:10.272 [info] Snippets: No changes found during synchronizing snippets.
2024-11-12 21:34:10.281 [info] Tasks: No changes found during synchronizing tasks.
2024-11-12 21:34:10.840 [info] GlobalState: Updated remote ui state. Updated: workbench.activity.pinnedViewlets2.
2024-11-12 21:34:10.855 [info] GlobalState: Updated last synchronized ui state
2024-11-12 21:34:10.908 [info] Extensions: No changes found during synchronizing extensions.
2024-11-12 21:34:10.915 [info] Profiles: No changes found during synchronizing profiles.
2024-11-12 21:34:10.921 [info] Sync done. Took 939ms
2024-11-12 21:34:32.649 [info] Auto Sync: Triggered by Activity
2024-11-12 21:34:32.649 [info] Sync started.
2024-11-12 21:34:32.680 [info] Settings: No changes found during synchronizing settings.
2024-11-12 21:34:32.685 [info] Keybindings: No changes found during synchronizing keybindings.
2024-11-12 21:34:32.689 [info] Snippets: No changes found during synchronizing snippets.
2024-11-12 21:34:32.694 [info] Tasks: No changes found during synchronizing tasks.
2024-11-12 21:34:33.158 [info] GlobalState: Updated remote ui state. Updated: workbench.activity.pinnedViewlets2.
2024-11-12 21:34:33.161 [info] GlobalState: Updated last synchronized ui state
2024-11-12 21:34:33.203 [info] Extensions: No changes found during synchronizing extensions.
2024-11-12 21:34:33.205 [info] Profiles: No changes found during synchronizing profiles.
2024-11-12 21:34:33.206 [info] Sync done. Took 558ms
2024-11-12 21:35:40.895 [info] Auto Sync: Triggered by Activity
2024-11-12 21:35:40.896 [info] Sync started.
2024-11-12 21:35:40.934 [info] Settings: No changes found during synchronizing settings.
2024-11-12 21:35:40.937 [info] Keybindings: No changes found during synchronizing keybindings.
2024-11-12 21:35:40.940 [info] Snippets: No changes found during synchronizing snippets.
2024-11-12 21:35:40.942 [info] Tasks: No changes found during synchronizing tasks.
2024-11-12 21:35:40.946 [info] GlobalState: No changes found during synchronizing ui state.
2024-11-12 21:35:40.992 [info] Extensions: No changes found during synchronizing extensions.
2024-11-12 21:35:40.994 [info] Profiles: No changes found during synchronizing profiles.
2024-11-12 21:35:40.995 [info] Sync done. Took 101ms
2024-11-12 21:36:40.597 [info] Auto Sync: Triggered by Activity
2024-11-12 21:36:40.598 [info] Sync started.
2024-11-12 21:36:40.637 [info] Settings: No changes found during synchronizing settings.
2024-11-12 21:36:40.642 [info] Keybindings: No changes found during synchronizing keybindings.
2024-11-12 21:36:40.646 [info] Snippets: No changes found during synchronizing snippets.
2024-11-12 21:36:40.648 [info] Tasks: No changes found during synchronizing tasks.
2024-11-12 21:36:40.652 [info] GlobalState: No changes found during synchronizing ui state.
2024-11-12 21:36:40.700 [info] Extensions: No changes found during synchronizing extensions.
2024-11-12 21:36:40.701 [info] Profiles: No changes found during synchronizing profiles.
2024-11-12 21:36:40.702 [info] Sync done. Took 106ms
2024-11-12 21:37:32.749 [info] Auto Sync: Triggered by Activity
2024-11-12 21:37:32.750 [info] Sync started.
2024-11-12 21:37:32.791 [info] Settings: No changes found during synchronizing settings.
2024-11-12 21:37:32.794 [info] Keybindings: No changes found during synchronizing keybindings.
2024-11-12 21:37:32.798 [info] Snippets: No changes found during synchronizing snippets.
2024-11-12 21:37:32.801 [info] Tasks: No changes found during synchronizing tasks.
2024-11-12 21:37:32.805 [info] GlobalState: No changes found during synchronizing ui state.
2024-11-12 21:37:32.855 [info] Extensions: No changes found during synchronizing extensions.
2024-11-12 21:37:32.856 [info] Profiles: No changes found during synchronizing profiles.
2024-11-12 21:37:32.857 [info] Sync done. Took 108ms
2024-11-12 21:38:01.220 [info] Auto Sync: Triggered by Activity
2024-11-12 21:38:01.220 [info] Sync started.
2024-11-12 21:38:01.260 [info] Settings: No changes found during synchronizing settings.
2024-11-12 21:38:01.264 [info] Keybindings: No changes found during synchronizing keybindings.
2024-11-12 21:38:01.267 [info] Snippets: No changes found during synchronizing snippets.
2024-11-12 21:38:01.269 [info] Tasks: No changes found during synchronizing tasks.
2024-11-12 21:38:01.272 [info] GlobalState: No changes found during synchronizing ui state.
2024-11-12 21:38:01.324 [info] Extensions: No changes found during synchronizing extensions.
2024-11-12 21:38:01.328 [info] Profiles: No changes found during synchronizing profiles.
2024-11-12 21:38:01.329 [info] Sync done. Took 110ms
2024-11-12 21:39:27.127 [info] Auto Sync: Triggered by Activity
2024-11-12 21:39:27.128 [info] Sync started.
2024-11-12 21:39:27.167 [info] Settings: No changes found during synchronizing settings.
2024-11-12 21:39:27.170 [info] Keybindings: No changes found during synchronizing keybindings.
2024-11-12 21:39:27.173 [info] Snippets: No changes found during synchronizing snippets.
2024-11-12 21:39:27.176 [info] Tasks: No changes found during synchronizing tasks.
2024-11-12 21:39:27.180 [info] GlobalState: No changes found during synchronizing ui state.
2024-11-12 21:39:27.234 [info] Extensions: No changes found during synchronizing extensions.
2024-11-12 21:39:27.235 [info] Profiles: No changes found during synchronizing profiles.
2024-11-12 21:39:27.237 [info] Sync done. Took 110ms
2024-11-12 21:39:41.258 [info] Auto Sync: Triggered by Activity
2024-11-12 21:39:41.258 [info] Sync started.
2024-11-12 21:39:41.292 [info] Settings: No changes found during synchronizing settings.
2024-11-12 21:39:41.295 [info] Keybindings: No changes found during synchronizing keybindings.
2024-11-12 21:39:41.299 [info] Snippets: No changes found during synchronizing snippets.
2024-11-12 21:39:41.301 [info] Tasks: No changes found during synchronizing tasks.
2024-11-12 21:39:41.305 [info] GlobalState: No changes found during synchronizing ui state.
2024-11-12 21:39:41.349 [info] Extensions: No changes found during synchronizing extensions.
2024-11-12 21:39:41.350 [info] Profiles: No changes found during synchronizing profiles.
2024-11-12 21:39:41.351 [info] Sync done. Took 94ms
2024-11-12 21:40:27.769 [info] Auto Sync: Triggered by Activity
2024-11-12 21:40:27.769 [info] Sync started.
2024-11-12 21:40:27.811 [info] Settings: No changes found during synchronizing settings.
2024-11-12 21:40:27.815 [info] Keybindings: No changes found during synchronizing keybindings.
2024-11-12 21:40:27.818 [info] Snippets: No changes found during synchronizing snippets.
2024-11-12 21:40:27.821 [info] Tasks: No changes found during synchronizing tasks.
2024-11-12 21:40:27.825 [info] GlobalState: No changes found during synchronizing ui state.
2024-11-12 21:40:27.881 [info] Extensions: No changes found during synchronizing extensions.
2024-11-12 21:40:27.882 [info] Profiles: No changes found during synchronizing profiles.
2024-11-12 21:40:27.884 [info] Sync done. Took 116ms
