2024-11-12 21:34:10.019 [info] Reading sessions from keychain...
2024-11-12 21:34:10.019 [info] Getting sessions for all scopes...
2024-11-12 21:34:10.019 [info] Getting sessions for all scopes...
2024-11-12 21:34:10.019 [info] Getting sessions for user:email...
2024-11-12 21:34:10.019 [info] Getting sessions for all scopes...
2024-11-12 21:34:10.019 [info] Getting sessions for user:email...
2024-11-12 21:34:10.019 [info] Getting sessions for user:email...
2024-11-12 21:34:10.019 [info] Got stored sessions!
2024-11-12 21:34:10.019 [info] Got 1 verified sessions.
2024-11-12 21:34:10.019 [info] Got 1 sessions for ...
2024-11-12 21:34:10.019 [info] Got 1 sessions for ...
2024-11-12 21:34:10.019 [info] Got 1 sessions for user:email...
2024-11-12 21:34:10.019 [info] Got 1 sessions for ...
2024-11-12 21:34:10.019 [info] Got 1 sessions for user:email...
2024-11-12 21:34:10.019 [info] Got 1 sessions for user:email...
2024-11-12 21:34:10.094 [info] Getting sessions for user:email...
2024-11-12 21:34:10.094 [info] Got 1 sessions for user:email...
2024-11-12 21:34:10.095 [info] Getting sessions for user:email...
2024-11-12 21:34:10.096 [info] Got 1 sessions for user:email...
2024-11-12 21:34:10.953 [info] Getting sessions for all scopes...
2024-11-12 21:34:10.953 [info] Got 1 sessions for ...
2024-11-12 21:34:31.125 [info] Getting sessions for read:user,repo,user:email,workflow...
2024-11-12 21:34:31.125 [info] Got 0 sessions for read:user,repo,user:email,workflow...
