2024-11-12 18:38:05.444 [info] Started local extension host with pid 102482.
2024-11-12 18:38:05.451 [info] Started initializing default profile extensions in extensions installation folder. file:///home/endo/.vscode/extensions
2024-11-12 18:38:05.602 [info] Completed initializing default profile extensions in extensions installation folder. file:///home/endo/.vscode/extensions
2024-11-12 18:38:05.790 [info] Settings Sync: Updating authentication providers. Authentication Providers from store: [{"id":"github","scopes":["user:email"]},{"id":"microsoft","scopes":["openid","profile","email","offline_access"]}]
2024-11-12 18:38:05.790 [info] Settings Sync: Authentication providers updated []
2024-11-12 18:38:06.194 [info] Settings Sync: Updating authentication providers. Authentication Providers from store: [{"id":"github","scopes":["user:email"]},{"id":"microsoft","scopes":["openid","profile","email","offline_access"]}]
2024-11-12 18:38:06.194 [info] Settings Sync: Authentication providers updated ["github"]
2024-11-12 18:38:06.194 [info] Settings Sync: Updating authentication providers. Authentication Providers from store: [{"id":"github","scopes":["user:email"]},{"id":"microsoft","scopes":["openid","profile","email","offline_access"]}]
2024-11-12 18:38:06.195 [info] Settings Sync: Authentication providers updated ["github"]
2024-11-12 18:38:06.195 [info] Settings Sync: Updating due to declared authentication providers changed
2024-11-12 18:38:06.195 [info] Settings Sync: Updating authentication providers. Authentication Providers from store: [{"id":"github","scopes":["user:email"]},{"id":"microsoft","scopes":["openid","profile","email","offline_access"]}]
2024-11-12 18:38:06.195 [info] Settings Sync: Authentication providers updated ["github"]
2024-11-12 18:38:06.195 [info] Settings Sync: Updating authentication providers. Authentication Providers from store: [{"id":"github","scopes":["user:email"]},{"id":"microsoft","scopes":["openid","profile","email","offline_access"]}]
2024-11-12 18:38:06.195 [info] Settings Sync: Authentication providers updated ["github","microsoft"]
2024-11-12 18:38:06.195 [info] Settings Sync: Updating authentication providers. Authentication Providers from store: [{"id":"github","scopes":["user:email"]},{"id":"microsoft","scopes":["openid","profile","email","offline_access"]}]
2024-11-12 18:38:06.195 [info] Settings Sync: Authentication providers updated ["github","microsoft"]
2024-11-12 18:38:06.195 [info] Settings Sync: Updating due to declared authentication providers changed
2024-11-12 18:38:06.195 [info] Settings Sync: Updating authentication providers. Authentication Providers from store: [{"id":"github","scopes":["user:email"]},{"id":"microsoft","scopes":["openid","profile","email","offline_access"]}]
2024-11-12 18:38:06.195 [info] Settings Sync: Authentication providers updated ["github","microsoft"]
2024-11-12 18:38:08.564 [info] [perf] Render performance baseline is 27ms
2024-11-12 18:38:36.595 [error] [network] #49: https://marketplace.visualstudio.com/_apis/public/gallery/extensionquery - error POST Canceled
2024-11-12 18:38:36.595 [error] [network] #48: https://marketplace.visualstudio.com/_apis/public/gallery/extensionquery - error POST Canceled
2024-11-12 18:38:51.331 [error] [network] #52: https://marketplace.visualstudio.com/_apis/public/gallery/extensionquery - error POST Canceled
2024-11-12 18:39:42.380 [info] Settings Sync: Updating authentication providers. Authentication Providers from store: [{"id":"github","scopes":["user:email"]},{"id":"microsoft","scopes":["openid","profile","email","offline_access"]}]
2024-11-12 18:39:42.380 [info] Settings Sync: Authentication providers updated ["github","microsoft"]
2024-11-12 18:39:42.445 [info] Settings Sync: Updating authentication providers. Authentication Providers from store: [{"id":"github","scopes":["user:email"]},{"id":"microsoft","scopes":["openid","profile","email","offline_access"]}]
2024-11-12 18:39:42.445 [info] Settings Sync: Authentication providers updated ["github","microsoft"]
2024-11-12 18:40:01.349 [info] Settings Sync: Updating due to change in sessions
2024-11-12 18:40:01.350 [info] Settings Sync: Updating authentication providers. Authentication Providers from store: [{"id":"github","scopes":["user:email"]},{"id":"microsoft","scopes":["openid","profile","email","offline_access"]}]
2024-11-12 18:40:01.351 [info] Settings Sync: Authentication providers updated ["github","microsoft"]
2024-11-12 18:44:26.223 [info] Settings Sync: Updated current session f8cdef31-a31e-4b4a-93e4-5f571e91255a/1:live.com:00030000174F7408/09fb2070-778b-41a1-b057-f725aecf4692
2024-11-12 18:44:26.223 [info] Settings Sync: Updating authentication providers. Authentication Providers from store: [{"id":"github","scopes":["user:email"]},{"id":"microsoft","scopes":["openid","profile","email","offline_access"]}]
2024-11-12 18:44:26.224 [info] Settings Sync: Authentication providers updated ["github","microsoft"]
2024-11-12 18:44:59.671 [info] Settings Sync: Reset current session
2024-11-12 18:44:59.672 [info] Settings Sync: Updating due to change in sessions
2024-11-12 18:44:59.672 [info] Settings Sync: Updating authentication providers. Authentication Providers from store: [{"id":"github","scopes":["user:email"]},{"id":"microsoft","scopes":["openid","profile","email","offline_access"]}]
2024-11-12 18:44:59.672 [info] Settings Sync: Authentication providers updated ["github","microsoft"]
2024-11-12 18:44:59.675 [info] Settings Sync: Updating due to change in sessions
2024-11-12 18:44:59.675 [info] Settings Sync: Updating authentication providers. Authentication Providers from store: [{"id":"github","scopes":["user:email"]},{"id":"microsoft","scopes":["openid","profile","email","offline_access"]}]
2024-11-12 18:44:59.676 [info] Settings Sync: Authentication providers updated ["github","microsoft"]
2024-11-12 18:45:12.621 [info] Settings Sync: Updating due to change in sessions
2024-11-12 18:45:12.621 [info] Settings Sync: Updating authentication providers. Authentication Providers from store: [{"id":"github","scopes":["user:email"]},{"id":"microsoft","scopes":["openid","profile","email","offline_access"]}]
2024-11-12 18:45:12.621 [info] Settings Sync: Authentication providers updated ["github","microsoft"]
2024-11-12 18:45:12.632 [info] Settings Sync: Updated current session f8cdef31-a31e-4b4a-93e4-5f571e91255a/1:live.com:00030000174F7408/9cecc11f-c40c-4224-bfca-9033cbb7cd33
2024-11-12 18:45:12.633 [info] Settings Sync: Updating authentication providers. Authentication Providers from store: [{"id":"github","scopes":["user:email"]},{"id":"microsoft","scopes":["openid","profile","email","offline_access"]}]
2024-11-12 18:45:12.634 [info] Settings Sync: Authentication providers updated ["github","microsoft"]
2024-11-12 18:46:43.919 [error] Cancelled: Error: Cancelled
	at i (/opt/visual-studio-code/resources/app/extensions/github-authentication/dist/extension.js:1:232913)
	at async a.GitHubServer.login (/opt/visual-studio-code/resources/app/extensions/github-authentication/dist/extension.js:1:233476)
	at async a.GitHubAuthenticationProvider.createSession (/opt/visual-studio-code/resources/app/extensions/github-authentication/dist/extension.js:1:228761)
	at async tw.$createSession (file:///opt/visual-studio-code/resources/app/out/vs/workbench/api/node/extensionHostProcess.js:116:3467)
2024-11-12 18:46:51.227 [info] Settings Sync: Updating due to change in sessions
2024-11-12 18:46:51.227 [info] Settings Sync: Updating authentication providers. Authentication Providers from store: [{"id":"github","scopes":["user:email"]},{"id":"microsoft","scopes":["openid","profile","email","offline_access"]}]
2024-11-12 18:46:51.228 [info] Settings Sync: Authentication providers updated ["github","microsoft"]
