2024-11-12 18:38:05.413 [info] Added views:outline in workbench.view.explorer
2024-11-12 18:38:05.413 [info] Added views:workbench.view.search in workbench.view.search
2024-11-12 18:38:05.413 [info] Added views:workbench.scm in workbench.view.scm
2024-11-12 18:38:05.413 [info] Added views:workbench.panel.markers.view in workbench.panel.markers
2024-11-12 18:38:05.413 [info] Added views:workbench.panel.output in workbench.panel.output
2024-11-12 18:38:05.413 [info] Added views:terminal in terminal
2024-11-12 18:38:05.413 [info] Added views:timeline in workbench.view.explorer
2024-11-12 18:38:05.413 [info] Added views:workbench.explorer.emptyView in workbench.view.explorer
2024-11-12 18:38:05.740 [info] Added views:workbench.debug.variablesView,workbench.debug.watchExpressionsView,workbench.debug.callStackView,workbench.debug.breakPointsView in workbench.view.debug
2024-11-12 18:38:05.786 [info] Added views:~remote.forwardedPorts in ~remote.forwardedPortsContainer
2024-11-12 18:38:06.004 [info] Added views:workbench.panel.repl.view in workbench.panel.repl
2024-11-12 18:38:06.006 [info] Removed views:workbench.debug.breakPointsView,workbench.debug.callStackView,workbench.debug.watchExpressionsView,workbench.debug.variablesView from workbench.view.debug
2024-11-12 18:38:06.007 [info] Added views:workbench.debug.welcome in workbench.view.debug
2024-11-12 18:38:35.970 [info] Added views:workbench.views.extensions.installed,workbench.views.extensions.popular,extensions.recommendedList in workbench.view.extensions
2024-11-12 18:38:35.972 [info] Removed views:workbench.views.extensions.popular from workbench.view.extensions
2024-11-12 18:38:36.376 [info] Added views:workbench.views.extensions.popular in workbench.view.extensions
2024-11-12 18:38:36.585 [info] Removed views:extensions.recommendedList,workbench.views.extensions.popular,workbench.views.extensions.installed from workbench.view.extensions
2024-11-12 18:38:36.593 [info] Added views:workbench.views.extensions.marketplace in workbench.view.extensions
2024-11-12 18:38:51.310 [info] Removed views:workbench.views.extensions.marketplace from workbench.view.extensions
2024-11-12 18:38:51.328 [info] Added views:workbench.views.extensions.installed,workbench.views.extensions.popular,extensions.recommendedList in workbench.view.extensions
2024-11-12 18:38:56.547 [info] Removed views:extensions.recommendedList,workbench.views.extensions.popular,workbench.views.extensions.installed from workbench.view.extensions
2024-11-12 18:38:56.553 [info] Added views:workbench.views.extensions.marketplace in workbench.view.extensions
2024-11-12 18:44:04.971 [info] Removed views:workbench.views.extensions.marketplace from workbench.view.extensions
2024-11-12 18:44:04.989 [info] Added views:workbench.views.extensions.installed,workbench.views.extensions.popular,extensions.recommendedList in workbench.view.extensions
