2024-11-12 19:08:35.010 [info] Extension host with pid 11660 started
2024-11-12 19:08:35.029 [info] ExtensionService#_doActivateExtension vscode.git-base, startup: true, activationEvent: '*', root cause: vscode.git
2024-11-12 19:08:35.137 [info] ExtensionService#_doActivateExtension vscode.git, startup: true, activationEvent: '*'
2024-11-12 19:08:35.209 [info] ExtensionService#_doActivateExtension vscode.github, startup: true, activationEvent: '*'
2024-11-12 19:08:35.324 [info] Eager extensions activated
2024-11-12 19:08:35.332 [info] ExtensionService#_doActivateExtension vscode.debug-auto-launch, startup: false, activationEvent: 'onStartupFinished'
2024-11-12 19:08:35.334 [info] ExtensionService#_doActivateExtension vscode.merge-conflict, startup: false, activationEvent: 'onStartupFinished'
2024-11-12 19:08:35.355 [info] ExtensionService#_doActivateExtension Continue.continue, startup: false, activationEvent: 'onStartupFinished'
2024-11-12 19:08:35.777 [info] ExtensionService#_doActivateExtension ritwickdey.LiveServer, startup: false, activationEvent: 'onStartupFinished'
2024-11-12 19:08:35.781 [info] ExtensionService#_doActivateExtension Supermaven.supermaven, startup: false, activationEvent: 'onStartupFinished'
2024-11-12 19:08:57.706 [info] ExtensionService#_doActivateExtension vscode.microsoft-authentication, startup: false, activationEvent: 'onAuthenticationRequest:microsoft'
2024-11-12 19:08:58.029 [info] ExtensionService#_doActivateExtension vscode.github-authentication, startup: false, activationEvent: 'onAuthenticationRequest:github'
2024-11-12 19:11:20.106 [info] ExtensionService#_doActivateExtension vscode.configuration-editing, startup: false, activationEvent: 'onLanguage:jsonc'
2024-11-12 19:11:20.131 [info] ExtensionService#_doActivateExtension vscode.json-language-features, startup: false, activationEvent: 'onLanguage:jsonc'
2024-11-12 19:11:20.245 [info] ExtensionService#_doActivateExtension vscode.typescript-language-features, startup: false, activationEvent: 'onLanguage:jsonc'
2024-11-12 19:11:20.305 [info] ExtensionService#_doActivateExtension vscode.emmet, startup: false, activationEvent: 'onLanguage'
2024-11-12 19:19:19.957 [info] Extension host terminating: renderer closed the MessagePort
2024-11-12 19:19:20.003 [info] Extension host with pid 11660 exiting with code 0
2024-11-12 19:19:20.516 [info] Extension host with pid 29544 started
2024-11-12 19:19:20.531 [info] ExtensionService#_doActivateExtension vscode.microsoft-authentication, startup: false, activationEvent: 'onAuthenticationRequest:microsoft'
2024-11-12 19:19:20.593 [info] ExtensionService#_doActivateExtension vscode.configuration-editing, startup: false, activationEvent: 'onLanguage:jsonc'
2024-11-12 19:19:20.605 [info] ExtensionService#_doActivateExtension vscode.json-language-features, startup: false, activationEvent: 'onLanguage:jsonc'
2024-11-12 19:19:20.668 [info] ExtensionService#_doActivateExtension vscode.typescript-language-features, startup: false, activationEvent: 'onLanguage:jsonc'
2024-11-12 19:19:20.725 [info] ExtensionService#_doActivateExtension vscode.emmet, startup: false, activationEvent: 'onLanguage'
2024-11-12 19:19:21.097 [info] ExtensionService#_doActivateExtension vscode.git-base, startup: true, activationEvent: '*', root cause: vscode.git
2024-11-12 19:19:21.101 [info] ExtensionService#_doActivateExtension vscode.git, startup: true, activationEvent: '*'
2024-11-12 19:19:21.183 [info] ExtensionService#_doActivateExtension vscode.github, startup: true, activationEvent: '*'
2024-11-12 19:19:21.317 [info] Eager extensions activated
2024-11-12 19:19:21.323 [info] ExtensionService#_doActivateExtension vscode.debug-auto-launch, startup: false, activationEvent: 'onStartupFinished'
2024-11-12 19:19:21.326 [info] ExtensionService#_doActivateExtension vscode.merge-conflict, startup: false, activationEvent: 'onStartupFinished'
2024-11-12 19:19:21.346 [info] ExtensionService#_doActivateExtension Continue.continue, startup: false, activationEvent: 'onStartupFinished'
2024-11-12 19:19:21.770 [info] ExtensionService#_doActivateExtension ritwickdey.LiveServer, startup: false, activationEvent: 'onStartupFinished'
2024-11-12 19:19:21.774 [info] ExtensionService#_doActivateExtension Supermaven.supermaven, startup: false, activationEvent: 'onStartupFinished'
2024-11-12 19:19:21.889 [info] ExtensionService#_doActivateExtension vscode.github-authentication, startup: false, activationEvent: 'onAuthenticationRequest:github'
2024-11-12 19:19:46.173 [info] Extension host terminating: renderer closed the MessagePort
2024-11-12 19:19:46.219 [info] Extension host with pid 29544 exiting with code 0
2024-11-12 19:19:46.706 [info] Extension host with pid 30372 started
2024-11-12 19:19:46.715 [info] ExtensionService#_doActivateExtension vscode.github-authentication, startup: false, activationEvent: 'onAuthenticationRequest:github'
2024-11-12 19:19:46.766 [info] ExtensionService#_doActivateExtension vscode.configuration-editing, startup: false, activationEvent: 'onLanguage:jsonc'
2024-11-12 19:19:46.778 [info] ExtensionService#_doActivateExtension vscode.json-language-features, startup: false, activationEvent: 'onLanguage:jsonc'
2024-11-12 19:19:46.841 [info] ExtensionService#_doActivateExtension vscode.typescript-language-features, startup: false, activationEvent: 'onLanguage:jsonc'
2024-11-12 19:19:46.899 [info] ExtensionService#_doActivateExtension vscode.emmet, startup: false, activationEvent: 'onLanguage'
2024-11-12 19:19:47.283 [info] ExtensionService#_doActivateExtension vscode.git-base, startup: true, activationEvent: '*', root cause: vscode.git
2024-11-12 19:19:47.288 [info] ExtensionService#_doActivateExtension vscode.git, startup: true, activationEvent: '*'
2024-11-12 19:19:47.357 [info] ExtensionService#_doActivateExtension vscode.github, startup: true, activationEvent: '*'
2024-11-12 19:19:47.495 [info] Eager extensions activated
2024-11-12 19:19:47.511 [info] ExtensionService#_doActivateExtension vscode.debug-auto-launch, startup: false, activationEvent: 'onStartupFinished'
2024-11-12 19:19:47.516 [info] ExtensionService#_doActivateExtension vscode.merge-conflict, startup: false, activationEvent: 'onStartupFinished'
2024-11-12 19:19:47.552 [info] ExtensionService#_doActivateExtension Continue.continue, startup: false, activationEvent: 'onStartupFinished'
2024-11-12 19:19:47.981 [info] ExtensionService#_doActivateExtension ritwickdey.LiveServer, startup: false, activationEvent: 'onStartupFinished'
2024-11-12 19:19:47.985 [info] ExtensionService#_doActivateExtension Supermaven.supermaven, startup: false, activationEvent: 'onStartupFinished'
2024-11-12 19:24:35.014 [info] ExtensionService#_doActivateExtension vscode.microsoft-authentication, startup: false, activationEvent: 'onAuthenticationRequest:microsoft'
2024-11-12 19:24:51.566 [info] ExtensionService#_doActivateExtension ms-vscode-remote.remote-wsl, startup: false, activationEvent: 'onStartupFinished'
2024-11-12 19:24:51.713 [info] ExtensionService#_doActivateExtension ms-vscode-remote.remote-containers, startup: false, activationEvent: 'onStartupFinished'
2024-11-12 19:24:51.910 [info] ExtensionService#_doActivateExtension ms-dotnettools.vscode-dotnet-runtime, startup: false, activationEvent: 'onStartupFinished'
2024-11-12 19:28:04.933 [info] Extension host terminating: renderer closed the MessagePort
2024-11-12 19:28:05.013 [info] Extension host with pid 30372 exiting with code 0
