2024-11-12 21:01:39.527 [info] Using settings sync service https://vscode-sync.trafficmanager.net/
2024-11-12 21:01:39.527 [info] Auto Sync is enabled.
2024-11-12 21:01:39.527 [info] Auto Sync: Suspended until auth token is available.
2024-11-12 21:01:41.256 [info] Auto Sync: Triggered by Interval
2024-11-12 21:01:41.256 [info] Sync started.
2024-11-12 21:01:41.509 [info] Settings: No changes found during synchronizing settings.
2024-11-12 21:01:41.517 [info] Keybindings: No changes found during synchronizing keybindings.
2024-11-12 21:01:41.521 [info] Snippets: No changes found during synchronizing snippets.
2024-11-12 21:01:41.524 [info] Tasks: No changes found during synchronizing tasks.
2024-11-12 21:01:41.528 [info] GlobalState: No changes found during synchronizing ui state.
2024-11-12 21:01:41.567 [info] Extensions: No changes found during synchronizing extensions.
2024-11-12 21:01:41.569 [info] Profiles: No changes found during synchronizing profiles.
2024-11-12 21:01:41.570 [info] Sync done. Took 317ms
2024-11-12 21:03:01.183 [info] Auto Sync: Triggered by Activity
2024-11-12 21:03:01.183 [info] Sync started.
2024-11-12 21:03:01.229 [info] Settings: No changes found during synchronizing settings.
2024-11-12 21:03:01.236 [info] Keybindings: No changes found during synchronizing keybindings.
2024-11-12 21:03:01.242 [info] Snippets: No changes found during synchronizing snippets.
2024-11-12 21:03:01.247 [info] Tasks: No changes found during synchronizing tasks.
2024-11-12 21:03:01.254 [info] GlobalState: No changes found during synchronizing ui state.
2024-11-12 21:03:01.328 [info] Extensions: No changes found during synchronizing extensions.
2024-11-12 21:03:01.330 [info] Profiles: No changes found during synchronizing profiles.
2024-11-12 21:03:01.333 [info] Sync done. Took 152ms
2024-11-12 21:07:16.288 [info] Auto Sync: Triggered by Activity
2024-11-12 21:07:16.289 [info] Sync started.
2024-11-12 21:07:16.366 [info] Settings: No changes found during synchronizing settings.
2024-11-12 21:07:16.370 [info] Keybindings: No changes found during synchronizing keybindings.
2024-11-12 21:07:16.375 [info] Snippets: No changes found during synchronizing snippets.
2024-11-12 21:07:16.379 [info] Tasks: No changes found during synchronizing tasks.
2024-11-12 21:07:16.384 [info] GlobalState: No changes found during synchronizing ui state.
2024-11-12 21:07:16.444 [info] Extensions: No changes found during synchronizing extensions.
2024-11-12 21:07:16.447 [info] Profiles: No changes found during synchronizing profiles.
2024-11-12 21:07:16.449 [info] Sync done. Took 163ms
2024-11-12 21:07:33.198 [info] Auto Sync: Triggered by Activity
2024-11-12 21:07:33.198 [info] Sync started.
2024-11-12 21:07:33.237 [info] Settings: No changes found during synchronizing settings.
2024-11-12 21:07:33.243 [info] Keybindings: No changes found during synchronizing keybindings.
2024-11-12 21:07:33.250 [info] Snippets: No changes found during synchronizing snippets.
2024-11-12 21:07:33.254 [info] Tasks: No changes found during synchronizing tasks.
2024-11-12 21:07:33.260 [info] GlobalState: No changes found during synchronizing ui state.
2024-11-12 21:07:33.352 [info] Extensions: No changes found during synchronizing extensions.
2024-11-12 21:07:33.354 [info] Profiles: No changes found during synchronizing profiles.
2024-11-12 21:07:33.357 [info] Sync done. Took 160ms
2024-11-12 21:09:27.358 [info] Auto Sync: Triggered by Activity
2024-11-12 21:09:27.358 [info] Sync started.
2024-11-12 21:09:27.408 [info] Settings: No changes found during synchronizing settings.
2024-11-12 21:09:27.414 [info] Keybindings: No changes found during synchronizing keybindings.
2024-11-12 21:09:27.421 [info] Snippets: No changes found during synchronizing snippets.
2024-11-12 21:09:27.427 [info] Tasks: No changes found during synchronizing tasks.
2024-11-12 21:09:27.434 [info] GlobalState: No changes found during synchronizing ui state.
2024-11-12 21:09:27.507 [info] Extensions: No changes found during synchronizing extensions.
2024-11-12 21:09:27.508 [info] Profiles: No changes found during synchronizing profiles.
2024-11-12 21:09:27.511 [info] Sync done. Took 155ms
2024-11-12 21:10:24.432 [info] Auto Sync: Triggered by Activity
2024-11-12 21:10:24.433 [info] Sync started.
2024-11-12 21:10:24.478 [info] Settings: No changes found during synchronizing settings.
2024-11-12 21:10:24.485 [info] Keybindings: No changes found during synchronizing keybindings.
2024-11-12 21:10:24.491 [info] Snippets: No changes found during synchronizing snippets.
2024-11-12 21:10:24.496 [info] Tasks: No changes found during synchronizing tasks.
2024-11-12 21:10:24.503 [info] GlobalState: No changes found during synchronizing ui state.
2024-11-12 21:10:24.591 [info] Extensions: No changes found during synchronizing extensions.
2024-11-12 21:10:24.595 [info] Profiles: No changes found during synchronizing profiles.
2024-11-12 21:10:24.597 [info] Sync done. Took 167ms
2024-11-12 21:13:18.222 [info] Auto Sync: Triggered by Activity
2024-11-12 21:13:18.223 [info] Sync started.
2024-11-12 21:13:18.305 [info] Settings: No changes found during synchronizing settings.
2024-11-12 21:13:18.311 [info] Keybindings: No changes found during synchronizing keybindings.
2024-11-12 21:13:18.317 [info] Snippets: No changes found during synchronizing snippets.
2024-11-12 21:13:18.321 [info] Tasks: No changes found during synchronizing tasks.
2024-11-12 21:13:18.328 [info] GlobalState: No changes found during synchronizing ui state.
2024-11-12 21:13:18.403 [info] Extensions: No changes found during synchronizing extensions.
2024-11-12 21:13:18.405 [info] Profiles: No changes found during synchronizing profiles.
2024-11-12 21:13:18.407 [info] Sync done. Took 187ms
2024-11-12 21:13:45.530 [info] Auto Sync: Triggered by Activity
2024-11-12 21:13:45.530 [info] Sync started.
2024-11-12 21:13:45.566 [info] Settings: No changes found during synchronizing settings.
2024-11-12 21:13:45.572 [info] Keybindings: No changes found during synchronizing keybindings.
2024-11-12 21:13:45.580 [info] Snippets: No changes found during synchronizing snippets.
2024-11-12 21:13:45.585 [info] Tasks: No changes found during synchronizing tasks.
2024-11-12 21:13:45.591 [info] GlobalState: No changes found during synchronizing ui state.
2024-11-12 21:13:45.660 [info] Extensions: No changes found during synchronizing extensions.
2024-11-12 21:13:45.662 [info] Profiles: No changes found during synchronizing profiles.
2024-11-12 21:13:45.665 [info] Sync done. Took 136ms
2024-11-12 21:15:15.409 [info] Auto Sync: Triggered by Activity
2024-11-12 21:15:15.409 [info] Sync started.
2024-11-12 21:15:15.454 [info] Settings: No changes found during synchronizing settings.
2024-11-12 21:15:15.459 [info] Keybindings: No changes found during synchronizing keybindings.
2024-11-12 21:15:15.465 [info] Snippets: No changes found during synchronizing snippets.
2024-11-12 21:15:15.469 [info] Tasks: No changes found during synchronizing tasks.
2024-11-12 21:15:15.475 [info] GlobalState: No changes found during synchronizing ui state.
2024-11-12 21:15:15.550 [info] Extensions: No changes found during synchronizing extensions.
2024-11-12 21:15:15.553 [info] Profiles: No changes found during synchronizing profiles.
2024-11-12 21:15:15.555 [info] Sync done. Took 149ms
2024-11-12 21:16:44.485 [info] Auto Sync: Triggered by Activity
2024-11-12 21:16:44.486 [info] Sync started.
2024-11-12 21:16:44.525 [info] Settings: No changes found during synchronizing settings.
2024-11-12 21:16:44.533 [info] Keybindings: No changes found during synchronizing keybindings.
2024-11-12 21:16:44.539 [info] Snippets: No changes found during synchronizing snippets.
2024-11-12 21:16:44.543 [info] Tasks: No changes found during synchronizing tasks.
2024-11-12 21:16:44.554 [info] GlobalState: No changes found during synchronizing ui state.
2024-11-12 21:16:44.628 [info] Extensions: No changes found during synchronizing extensions.
2024-11-12 21:16:44.633 [info] Profiles: No changes found during synchronizing profiles.
2024-11-12 21:16:44.635 [info] Sync done. Took 152ms
2024-11-12 21:17:43.078 [info] Auto Sync: Triggered by Activity
2024-11-12 21:17:43.079 [info] Sync started.
2024-11-12 21:17:43.106 [info] Settings: No changes found during synchronizing settings.
2024-11-12 21:17:43.110 [info] Keybindings: No changes found during synchronizing keybindings.
2024-11-12 21:17:43.116 [info] Snippets: No changes found during synchronizing snippets.
2024-11-12 21:17:43.121 [info] Tasks: No changes found during synchronizing tasks.
2024-11-12 21:17:43.126 [info] GlobalState: No changes found during synchronizing ui state.
2024-11-12 21:17:43.212 [info] Extensions: No changes found during synchronizing extensions.
2024-11-12 21:17:43.215 [info] Profiles: No changes found during synchronizing profiles.
2024-11-12 21:17:43.218 [info] Sync done. Took 141ms
2024-11-12 21:18:19.607 [info] Auto Sync: Triggered by Activity
2024-11-12 21:18:19.607 [info] Sync started.
2024-11-12 21:18:19.939 [info] Settings: Updated remote settings
2024-11-12 21:18:19.955 [info] Settings: Updated last synchronized settings
2024-11-12 21:18:19.964 [info] Keybindings: No changes found during synchronizing keybindings.
2024-11-12 21:18:19.970 [info] Snippets: No changes found during synchronizing snippets.
2024-11-12 21:18:19.974 [info] Tasks: No changes found during synchronizing tasks.
2024-11-12 21:18:19.981 [info] GlobalState: No changes found during synchronizing ui state.
2024-11-12 21:18:20.050 [info] Extensions: No changes found during synchronizing extensions.
2024-11-12 21:18:20.054 [info] Profiles: No changes found during synchronizing profiles.
2024-11-12 21:18:20.056 [info] Sync done. Took 451ms
2024-11-12 21:19:46.986 [info] Auto Sync: Triggered by Activity
2024-11-12 21:19:46.987 [info] Sync started.
2024-11-12 21:19:47.024 [info] Settings: No changes found during synchronizing settings.
2024-11-12 21:19:47.030 [info] Keybindings: No changes found during synchronizing keybindings.
2024-11-12 21:19:47.036 [info] Snippets: No changes found during synchronizing snippets.
2024-11-12 21:19:47.041 [info] Tasks: No changes found during synchronizing tasks.
2024-11-12 21:19:47.047 [info] GlobalState: No changes found during synchronizing ui state.
2024-11-12 21:19:47.117 [info] Extensions: No changes found during synchronizing extensions.
2024-11-12 21:19:47.119 [info] Profiles: No changes found during synchronizing profiles.
2024-11-12 21:19:47.121 [info] Sync done. Took 136ms
2024-11-12 21:20:04.512 [info] Auto Sync: Triggered by Activity
2024-11-12 21:20:04.512 [info] Sync started.
2024-11-12 21:20:04.570 [info] Settings: No changes found during synchronizing settings.
2024-11-12 21:20:04.576 [info] Keybindings: No changes found during synchronizing keybindings.
2024-11-12 21:20:04.583 [info] Snippets: No changes found during synchronizing snippets.
2024-11-12 21:20:04.588 [info] Tasks: No changes found during synchronizing tasks.
2024-11-12 21:20:04.595 [info] GlobalState: No changes found during synchronizing ui state.
2024-11-12 21:20:04.667 [info] Extensions: No changes found during synchronizing extensions.
2024-11-12 21:20:04.669 [info] Profiles: No changes found during synchronizing profiles.
2024-11-12 21:20:04.671 [info] Sync done. Took 161ms
