2024-11-12 19:08:58.025 [info] Getting sessions for all scopes...
2024-11-12 19:08:58.025 [info] Got 0 sessions for all scopes...
2024-11-12 19:08:58.025 [info] Getting sessions for all scopes...
2024-11-12 19:08:58.025 [info] Got 0 sessions for all scopes...
2024-11-12 19:08:58.027 [info]  for undefined
2024-11-12 19:08:58.027 [info] [email offline_access openid profile] Got 0 sessions
2024-11-12 19:09:12.241 [info]  for undefined
2024-11-12 19:09:15.716 [error] [email offline_access openid profile] Error creating session: Error: access_denied
2024-11-12 19:09:43.425 [info]  for undefined
2024-11-12 19:09:43.425 [info] [email offline_access openid profile] Got 0 sessions
2024-11-12 19:09:45.506 [info]  for undefined
2024-11-12 19:09:49.135 [info] [email offline_access openid profile] 'f8cdef31-a31e-4b4a-93e4-5f571e91255a/1:live.com:00030000174F7408/2e7dc8fb-fb27-4c9f-990a-9e8b74cb06cf' session successfully created!
2024-11-12 19:10:13.216 [info] Getting sessions for all scopes...
2024-11-12 19:10:13.216 [info] Got 1 sessions for all scopes...
2024-11-12 19:10:15.163 [info] [email offline_access openid profile] 'f8cdef31-a31e-4b4a-93e4-5f571e91255a/1:live.com:00030000174F7408/2e7dc8fb-fb27-4c9f-990a-9e8b74cb06cf' Logging out of session
2024-11-12 19:10:15.163 [info] [email offline_access openid profile] 'f8cdef31-a31e-4b4a-93e4-5f571e91255a/1:live.com:00030000174F7408/2e7dc8fb-fb27-4c9f-990a-9e8b74cb06cf' Logged out of session successfully!
2024-11-12 19:10:30.037 [info]  for undefined
2024-11-12 19:11:19.860 [info] [email offline_access openid profile] 'f8cdef31-a31e-4b4a-93e4-5f571e91255a/1:live.com:00030000174F7408/ab10cc40-71f0-443b-b923-ea108f5a201d' session successfully created!
2024-11-12 19:11:19.922 [info]  for undefined
2024-11-12 19:11:19.922 [info] [email offline_access openid profile] Got 1 sessions
2024-11-12 19:11:30.031 [info]  for undefined
2024-11-12 19:11:30.031 [info] [email offline_access openid profile] Got 1 sessions
2024-11-12 19:11:43.286 [info] Getting sessions for all scopes...
2024-11-12 19:11:43.286 [info] Got 1 sessions for all scopes...
2024-11-12 19:11:45.902 [info] [email offline_access openid profile] 'f8cdef31-a31e-4b4a-93e4-5f571e91255a/1:live.com:00030000174F7408/ab10cc40-71f0-443b-b923-ea108f5a201d' Logging out of session
2024-11-12 19:11:45.903 [info] [email offline_access openid profile] 'f8cdef31-a31e-4b4a-93e4-5f571e91255a/1:live.com:00030000174F7408/ab10cc40-71f0-443b-b923-ea108f5a201d' Logged out of session successfully!
2024-11-12 19:12:02.075 [info]  for undefined
2024-11-12 19:12:48.157 [error] [email offline_access openid profile] Error creating session: Error: access_denied
2024-11-12 19:13:29.351 [info]  for undefined
2024-11-12 19:14:47.866 [info] [email offline_access openid profile] 'f8cdef31-a31e-4b4a-93e4-5f571e91255a/1:live.com:00030000174F7408/1882ad25-ae1b-4553-bc16-76a6f2f1358e' session successfully created!
2024-11-12 19:14:47.912 [info]  for undefined
2024-11-12 19:14:47.912 [info] [email offline_access openid profile] Got 1 sessions
2024-11-12 19:14:56.847 [info]  for undefined
2024-11-12 19:14:56.847 [info] [email offline_access openid profile] Got 1 sessions
2024-11-12 19:15:30.331 [info] Getting sessions for all scopes...
2024-11-12 19:15:30.331 [info] Got 1 sessions for all scopes...
2024-11-12 19:15:32.445 [info] [email offline_access openid profile] 'f8cdef31-a31e-4b4a-93e4-5f571e91255a/1:live.com:00030000174F7408/1882ad25-ae1b-4553-bc16-76a6f2f1358e' Logging out of session
2024-11-12 19:15:32.446 [info] [email offline_access openid profile] 'f8cdef31-a31e-4b4a-93e4-5f571e91255a/1:live.com:00030000174F7408/1882ad25-ae1b-4553-bc16-76a6f2f1358e' Logged out of session successfully!
2024-11-12 19:15:43.107 [info]  for undefined
2024-11-12 19:15:43.107 [info] [email offline_access openid profile] Got 0 sessions
2024-11-12 19:15:48.900 [info]  for undefined
2024-11-12 19:16:00.383 [info] [email offline_access openid profile] 'f8cdef31-a31e-4b4a-93e4-5f571e91255a/1:live.com:00030000174F7408/f20614f2-2fca-464c-ba6d-a0133fc8be02' session successfully created!
2024-11-12 19:16:00.390 [info]  for undefined
2024-11-12 19:16:00.390 [info] [email offline_access openid profile] Got 1 sessions
2024-11-12 19:16:38.398 [info] Getting sessions for all scopes...
2024-11-12 19:16:38.398 [info] Got 1 sessions for all scopes...
2024-11-12 19:16:39.751 [info] [email offline_access openid profile] 'f8cdef31-a31e-4b4a-93e4-5f571e91255a/1:live.com:00030000174F7408/f20614f2-2fca-464c-ba6d-a0133fc8be02' Logging out of session
2024-11-12 19:16:39.752 [info] [email offline_access openid profile] 'f8cdef31-a31e-4b4a-93e4-5f571e91255a/1:live.com:00030000174F7408/f20614f2-2fca-464c-ba6d-a0133fc8be02' Logged out of session successfully!
2024-11-12 19:19:20.960 [info] Getting sessions for all scopes...
2024-11-12 19:19:20.960 [info] Got 0 sessions for all scopes...
2024-11-12 19:19:20.960 [info] Getting sessions for all scopes...
2024-11-12 19:19:20.960 [info] Got 0 sessions for all scopes...
2024-11-12 19:19:32.192 [info]  for undefined
2024-11-12 19:24:35.203 [info] Getting sessions for all scopes...
2024-11-12 19:24:35.203 [info] Got 0 sessions for all scopes...
2024-11-12 19:24:35.203 [info] Getting sessions for all scopes...
2024-11-12 19:24:35.203 [info] Got 0 sessions for all scopes...
