2024-11-12 21:32:40.712 [info] [main] Log level: Info
2024-11-12 21:32:40.712 [info] [main] Validating found git in: "git"
2024-11-12 21:32:40.712 [info] [main] Using git "2.47.0" from "git"
2024-11-12 21:32:40.712 [info] [Model][doInitialScan] Initial repository scan started
2024-11-12 21:32:40.712 [info] [Model][doInitialScan] Initial repository scan completed - repositories (0), closed repositories (0), parent repositories (0), unsafe repositories (0)
2024-11-12 21:34:30.343 [info] [main] Log level: Info
2024-11-12 21:34:30.344 [info] [main] Validating found git in: "git"
2024-11-12 21:34:30.344 [info] [main] Using git "2.47.0" from "git"
2024-11-12 21:34:30.344 [info] [Model][doInitialScan] Initial repository scan started
2024-11-12 21:34:30.344 [info] > git rev-parse --show-toplevel [11ms]
2024-11-12 21:34:30.359 [info] > git rev-parse --git-dir --git-common-dir [7ms]
2024-11-12 21:34:30.384 [info] [Model][openRepository] Opened repository: /home/endo/src/hyprfiles
2024-11-12 21:34:30.411 [info] > git rev-parse --show-toplevel [5ms]
2024-11-12 21:34:30.414 [info] [Model][doInitialScan] Initial repository scan completed - repositories (1), closed repositories (0), parent repositories (0), unsafe repositories (0)
2024-11-12 21:34:30.415 [info] > git config --get commit.template [17ms]
2024-11-12 21:34:30.428 [info] > git for-each-ref --format=%(refname)%00%(upstream:short)%00%(objectname)%00%(upstream:track)%00%(upstream:remotename)%00%(upstream:remoteref) refs/heads/main refs/remotes/main [2ms]
2024-11-12 21:34:30.436 [warning] [Git][revParse] Unable to read file: ENOENT: no such file or directory, open '/home/endo/src/hyprfiles/.git/refs/remotes/origin/main'
2024-11-12 21:34:30.438 [info] > git rev-parse refs/remotes/origin/main [2ms]
2024-11-12 21:34:30.457 [info] > git for-each-ref --sort -committerdate --format %(refname) %(objectname) %(*objectname) [2ms]
2024-11-12 21:34:31.071 [info] > git status -z -uall [625ms]
2024-11-12 21:34:31.071 [info] > git check-ignore -v -z --stdin [4ms]
2024-11-12 21:34:31.071 [info] > git fetch [688ms]
2024-11-12 21:34:31.106 [info] > git for-each-ref --format=%(refname)%00%(upstream:short)%00%(objectname)%00%(upstream:track)%00%(upstream:remotename)%00%(upstream:remoteref) refs/heads/main refs/remotes/main [26ms]
2024-11-12 21:34:31.116 [info] > git config --get commit.template [16ms]
2024-11-12 21:34:31.116 [info] > git config --get commit.template [23ms]
2024-11-12 21:34:31.118 [info] > git config --local branch.main.vscode-merge-base [4ms]
2024-11-12 21:34:31.118 [warning] [Git][config] git config failed: Failed to execute git
2024-11-12 21:34:31.158 [info] > git reflog main --grep-reflog=branch: Created from *. [34ms]
2024-11-12 21:34:31.166 [info] > git for-each-ref --format=%(refname)%00%(upstream:short)%00%(objectname)%00%(upstream:track)%00%(upstream:remotename)%00%(upstream:remoteref) refs/heads/main refs/remotes/main [19ms]
2024-11-12 21:34:31.166 [info] > git for-each-ref --format=%(refname)%00%(upstream:short)%00%(objectname)%00%(upstream:track)%00%(upstream:remotename)%00%(upstream:remoteref) refs/heads/main refs/remotes/main [25ms]
2024-11-12 21:34:31.172 [warning] [Git][revParse] Unable to read file: ENOENT: no such file or directory, open '/home/endo/src/hyprfiles/.git/refs/remotes/origin/main'
2024-11-12 21:34:31.179 [warning] [Git][revParse] Unable to read file: ENOENT: no such file or directory, open '/home/endo/src/hyprfiles/.git/refs/remotes/origin/main'
2024-11-12 21:34:31.179 [info] > git symbolic-ref --short refs/remotes/origin/HEAD [14ms]
2024-11-12 21:34:31.204 [info] > git rev-parse refs/remotes/origin/main [25ms]
2024-11-12 21:34:31.212 [info] > git rev-parse refs/remotes/origin/main [40ms]
2024-11-12 21:34:31.228 [info] > git for-each-ref --format=%(refname)%00%(upstream:short)%00%(objectname)%00%(upstream:track)%00%(upstream:remotename)%00%(upstream:remoteref) refs/heads/main refs/remotes/main [17ms]
2024-11-12 21:34:31.236 [info] > git for-each-ref --format=%(refname)%00%(upstream:short)%00%(objectname)%00%(upstream:track)%00%(upstream:remotename)%00%(upstream:remoteref) refs/heads/origin/main refs/remotes/origin/main [50ms]
2024-11-12 21:34:31.250 [info] > git config --local branch.main.vscode-merge-base origin/main [5ms]
2024-11-12 21:34:31.251 [info] > git for-each-ref --sort -committerdate --format %(refname) %(objectname) %(*objectname) [25ms] (cancelled)
2024-11-12 21:34:31.260 [info] > git config --local branch.main.vscode-merge-base [24ms]
2024-11-12 21:34:31.260 [warning] [Git][config] git config failed: Failed to execute git
2024-11-12 21:34:31.277 [info] > git status -z -uall [58ms] (cancelled)
2024-11-12 21:34:31.277 [info] > git for-each-ref --format=%(refname)%00%(upstream:short)%00%(objectname)%00%(upstream:track)%00%(upstream:remotename)%00%(upstream:remoteref) refs/heads/main refs/remotes/main [19ms]
2024-11-12 21:34:31.287 [info] > git config --get commit.template [11ms]
2024-11-12 21:34:31.287 [info] > git reflog main --grep-reflog=branch: Created from *. [20ms]
2024-11-12 21:34:31.294 [info] > git config --local branch.main.vscode-merge-base [10ms]
2024-11-12 21:34:31.308 [info] > git symbolic-ref --short refs/remotes/origin/HEAD [15ms]
2024-11-12 21:34:31.315 [info] > git for-each-ref --format=%(refname)%00%(upstream:short)%00%(objectname)%00%(upstream:track)%00%(upstream:remotename)%00%(upstream:remoteref) refs/heads/main refs/remotes/main [8ms]
2024-11-12 21:34:31.316 [info] > git for-each-ref --format=%(refname)%00%(upstream:short)%00%(objectname)%00%(upstream:track)%00%(upstream:remotename)%00%(upstream:remoteref) refs/heads/origin/main refs/remotes/origin/main [16ms]
2024-11-12 21:34:31.329 [warning] [Git][revParse] Unable to read file: ENOENT: no such file or directory, open '/home/endo/src/hyprfiles/.git/refs/remotes/origin/main'
2024-11-12 21:34:31.330 [info] > git for-each-ref --format=%(refname)%00%(upstream:short)%00%(objectname)%00%(upstream:track)%00%(upstream:remotename)%00%(upstream:remoteref) refs/heads/origin/main refs/remotes/origin/main [17ms]
2024-11-12 21:34:31.338 [info] > git rev-parse refs/remotes/origin/main [9ms]
2024-11-12 21:34:31.351 [info] > git merge-base refs/heads/main refs/remotes/origin/main [28ms]
2024-11-12 21:34:31.359 [info] > git for-each-ref --sort -committerdate --format %(refname) %(objectname) %(*objectname) [8ms]
2024-11-12 21:34:31.359 [info] > git config --local branch.main.vscode-merge-base origin/main [23ms]
2024-11-12 21:34:31.383 [info] > git status -z -uall [39ms] (cancelled)
2024-11-12 21:34:31.383 [info] > git merge-base refs/heads/main refs/remotes/origin/main [16ms]
2024-11-12 21:34:31.390 [info] > git diff --name-status -z --diff-filter=ADMR abfa9a0dbc3418ca8d0ea46668d541e4e54fc2e0...refs/remotes/origin/main [32ms]
2024-11-12 21:34:31.392 [info] > git diff --name-status -z --diff-filter=ADMR abfa9a0dbc3418ca8d0ea46668d541e4e54fc2e0...refs/remotes/origin/main [3ms]
2024-11-12 21:34:31.393 [info] > git config --get commit.template [12ms]
2024-11-12 21:34:31.393 [info] > git merge-base refs/heads/main refs/remotes/origin/main [19ms]
2024-11-12 21:34:31.408 [info] > git diff --name-status -z --diff-filter=ADMR abfa9a0dbc3418ca8d0ea46668d541e4e54fc2e0...refs/remotes/origin/main [9ms]
2024-11-12 21:34:31.409 [info] > git for-each-ref --format=%(refname)%00%(upstream:short)%00%(objectname)%00%(upstream:track)%00%(upstream:remotename)%00%(upstream:remoteref) refs/heads/main refs/remotes/main [2ms]
2024-11-12 21:34:31.416 [warning] [Git][revParse] Unable to read file: ENOENT: no such file or directory, open '/home/endo/src/hyprfiles/.git/refs/remotes/origin/main'
2024-11-12 21:34:31.417 [info] > git rev-parse refs/remotes/origin/main [1ms]
2024-11-12 21:34:31.431 [info] > git for-each-ref --sort -committerdate --format %(refname) %(objectname) %(*objectname) [2ms]
2024-11-12 21:34:31.703 [info] > git status -z -uall [280ms]
2024-11-12 21:34:35.668 [info] > git check-ignore -v -z --stdin [2ms]
