2024-11-12 18:47:47.944 [info] Using settings sync service https://vscode-sync.trafficmanager.net/
2024-11-12 18:47:47.944 [info] Auto Sync is enabled.
2024-11-12 18:47:47.944 [info] Auto Sync: Suspended until auth token is available.
2024-11-12 18:48:02.008 [info] Auto Sync: Triggered by Interval
2024-11-12 18:48:02.008 [info] Sync started.
2024-11-12 18:48:02.185 [info] Settings: No changes found during synchronizing settings.
2024-11-12 18:48:02.194 [info] Keybindings: No changes found during synchronizing keybindings.
2024-11-12 18:48:02.200 [info] Snippets: No changes found during synchronizing snippets.
2024-11-12 18:48:02.204 [info] Tasks: No changes found during synchronizing tasks.
2024-11-12 18:48:02.211 [info] GlobalState: No changes found during synchronizing ui state.
2024-11-12 18:48:02.245 [info] Extensions: No changes found during synchronizing extensions.
2024-11-12 18:48:02.248 [info] Profiles: No changes found during synchronizing profiles.
2024-11-12 18:48:02.251 [info] Sync done. Took 245ms
2024-11-12 18:49:27.651 [info] Auto Sync: Triggered by Activity
2024-11-12 18:49:27.651 [info] Sync started.
2024-11-12 18:49:27.681 [info] Settings: No changes found during synchronizing settings.
2024-11-12 18:49:27.685 [info] Keybindings: No changes found during synchronizing keybindings.
2024-11-12 18:49:27.689 [info] Snippets: No changes found during synchronizing snippets.
2024-11-12 18:49:27.692 [info] Tasks: No changes found during synchronizing tasks.
2024-11-12 18:49:27.696 [info] GlobalState: No changes found during synchronizing ui state.
2024-11-12 18:49:27.735 [info] Extensions: No changes found during synchronizing extensions.
2024-11-12 18:49:27.737 [info] Profiles: No changes found during synchronizing profiles.
2024-11-12 18:49:27.739 [info] Sync done. Took 92ms
