2024-11-12 19:08:58.097 [info] Reading sessions from keychain...
2024-11-12 19:08:58.097 [info] Getting sessions for all scopes...
2024-11-12 19:08:58.097 [info] Got 0 sessions for ...
2024-11-12 19:08:58.097 [info] Getting sessions for all scopes...
2024-11-12 19:08:58.097 [info] Got 0 sessions for ...
2024-11-12 19:08:58.097 [info] Getting sessions for all scopes...
2024-11-12 19:08:58.097 [info] Got 0 sessions for ...
2024-11-12 19:08:58.097 [info] Getting sessions for user:email...
2024-11-12 19:08:58.097 [info] Got 0 sessions for user:email...
2024-11-12 19:09:00.851 [info] Logging in with 'any' account...
2024-11-12 19:09:00.851 [info] Logging in for the following scopes: user:email
2024-11-12 19:09:00.858 [info] Trying without local server... (user:email)
2024-11-12 19:09:20.475 [info] Logging in with 'any' account...
2024-11-12 19:09:20.476 [info] Logging in for the following scopes: user:email
2024-11-12 19:09:20.479 [info] Trying without local server... (user:email)
2024-11-12 19:09:43.425 [info] Getting sessions for user:email...
2024-11-12 19:09:43.425 [info] Got 0 sessions for user:email...
2024-11-12 19:11:30.035 [info] Getting sessions for user:email...
2024-11-12 19:11:30.035 [info] Got 0 sessions for user:email...
2024-11-12 19:11:32.357 [info] Logging in with 'any' account...
2024-11-12 19:11:32.357 [info] Logging in for the following scopes: user:email
2024-11-12 19:11:32.361 [info] Trying without local server... (user:email)
2024-11-12 19:13:05.627 [error] User Cancelled
2024-11-12 19:13:05.627 [error] Cancelled
2024-11-12 19:13:05.628 [error] Cancelled
2024-11-12 19:14:56.849 [info] Getting sessions for user:email...
2024-11-12 19:14:56.849 [info] Got 0 sessions for user:email...
2024-11-12 19:15:01.028 [info] Logging in with 'any' account...
2024-11-12 19:15:01.028 [info] Logging in for the following scopes: user:email
2024-11-12 19:15:01.033 [info] Trying without local server... (user:email)
2024-11-12 19:15:43.108 [info] Getting sessions for user:email...
2024-11-12 19:15:43.108 [info] Got 0 sessions for user:email...
2024-11-12 19:19:21.970 [info] Reading sessions from keychain...
2024-11-12 19:19:21.970 [info] Getting sessions for all scopes...
2024-11-12 19:19:21.970 [info] Got 0 sessions for ...
2024-11-12 19:19:21.970 [info] Getting sessions for all scopes...
2024-11-12 19:19:21.970 [info] Got 0 sessions for ...
2024-11-12 19:19:21.970 [info] Getting sessions for all scopes...
2024-11-12 19:19:21.970 [info] Got 0 sessions for ...
2024-11-12 19:19:47.080 [info] Reading sessions from keychain...
2024-11-12 19:19:47.080 [info] Getting sessions for all scopes...
2024-11-12 19:19:47.080 [info] Got 0 sessions for ...
2024-11-12 19:19:47.080 [info] Getting sessions for all scopes...
2024-11-12 19:19:47.080 [info] Got 0 sessions for ...
2024-11-12 19:19:47.080 [info] Getting sessions for all scopes...
2024-11-12 19:19:47.080 [info] Got 0 sessions for ...
2024-11-12 19:20:02.769 [info] Getting sessions for user:email...
2024-11-12 19:20:02.770 [info] Got 0 sessions for user:email...
2024-11-12 19:20:02.779 [info] Logging in with 'any' account...
2024-11-12 19:20:02.779 [info] Logging in for the following scopes: user:email
2024-11-12 19:20:02.785 [info] Trying without local server... (user:email)
2024-11-12 19:21:12.131 [info] Getting sessions for user:email...
2024-11-12 19:21:12.131 [info] Got 0 sessions for user:email...
2024-11-12 19:21:14.469 [info] Logging in with 'any' account...
2024-11-12 19:21:14.469 [info] Logging in for the following scopes: user:email
2024-11-12 19:21:14.472 [info] Trying without local server... (user:email)
2024-11-12 19:24:01.775 [error] User Cancelled
2024-11-12 19:24:01.776 [error] Cancelled
2024-11-12 19:24:04.007 [info] Trying with local server... (user:email)
2024-11-12 19:24:07.794 [info] Exchanging code for token...
2024-11-12 19:24:08.141 [info] Token exchange success!
2024-11-12 19:24:08.143 [info] Getting user info...
2024-11-12 19:24:08.423 [info] Got account info!
2024-11-12 19:24:08.424 [info] Storing 1 sessions...
2024-11-12 19:24:08.428 [info] Reading sessions from keychain...
2024-11-12 19:24:08.428 [info] Stored 1 sessions!
2024-11-12 19:24:08.428 [info] Login success!
2024-11-12 19:24:08.438 [info] Getting sessions for user:email...
2024-11-12 19:24:08.473 [info] Got stored sessions!
2024-11-12 19:24:08.473 [info] Got 1 verified sessions.
2024-11-12 19:24:08.473 [info] Got 1 sessions for user:email...
2024-11-12 19:24:15.142 [info] Getting sessions for user:email...
2024-11-12 19:24:15.142 [info] Got 1 sessions for user:email...
2024-11-12 19:24:23.564 [info] Getting sessions for user:email...
2024-11-12 19:24:23.564 [info] Got 1 sessions for user:email...
2024-11-12 19:24:26.428 [info] Getting sessions for user:email...
2024-11-12 19:24:26.428 [info] Got 1 sessions for user:email...
2024-11-12 19:24:34.996 [info] Getting sessions for user:email...
2024-11-12 19:24:34.996 [info] Got 1 sessions for user:email...
2024-11-12 19:24:35.203 [info] Getting sessions for user:email...
2024-11-12 19:24:35.203 [info] Got 1 sessions for user:email...
