2024-11-12 19:34:22.431 [info] Started local extension host with pid 52794.
2024-11-12 19:34:22.923 [info] Settings Sync: Updating authentication providers. Authentication Providers from store: [{"id":"github","scopes":["user:email"]},{"id":"microsoft","scopes":["openid","profile","email","offline_access"]}]
2024-11-12 19:34:22.923 [info] Settings Sync: Authentication providers updated []
2024-11-12 19:34:23.266 [info] Settings Sync: Updating authentication providers. Authentication Providers from store: [{"id":"github","scopes":["user:email"]},{"id":"microsoft","scopes":["openid","profile","email","offline_access"]}]
2024-11-12 19:34:23.266 [info] Settings Sync: Authentication providers updated ["github"]
2024-11-12 19:34:23.268 [info] Settings Sync: Updating authentication providers. Authentication Providers from store: [{"id":"github","scopes":["user:email"]},{"id":"microsoft","scopes":["openid","profile","email","offline_access"]}]
2024-11-12 19:34:23.268 [info] Settings Sync: Authentication providers updated ["github"]
2024-11-12 19:34:23.268 [info] Settings Sync: Updating due to declared authentication providers changed
2024-11-12 19:34:23.268 [info] Settings Sync: Updating authentication providers. Authentication Providers from store: [{"id":"github","scopes":["user:email"]},{"id":"microsoft","scopes":["openid","profile","email","offline_access"]}]
2024-11-12 19:34:23.268 [info] Settings Sync: Authentication providers updated ["github"]
2024-11-12 19:34:23.268 [info] Settings Sync: Updating authentication providers. Authentication Providers from store: [{"id":"github","scopes":["user:email"]},{"id":"microsoft","scopes":["openid","profile","email","offline_access"]}]
2024-11-12 19:34:23.268 [info] Settings Sync: Authentication providers updated ["github","microsoft"]
2024-11-12 19:34:23.268 [info] Settings Sync: Updating authentication providers. Authentication Providers from store: [{"id":"github","scopes":["user:email"]},{"id":"microsoft","scopes":["openid","profile","email","offline_access"]}]
2024-11-12 19:34:23.268 [info] Settings Sync: Authentication providers updated ["github","microsoft"]
2024-11-12 19:34:23.269 [info] Settings Sync: Updating due to declared authentication providers changed
2024-11-12 19:34:23.269 [info] Settings Sync: Updating authentication providers. Authentication Providers from store: [{"id":"github","scopes":["user:email"]},{"id":"microsoft","scopes":["openid","profile","email","offline_access"]}]
2024-11-12 19:34:23.269 [info] Settings Sync: Authentication providers updated ["github","microsoft"]
2024-11-12 19:34:23.663 [info] Settings Sync: Updating authentication providers. Authentication Providers from store: [{"id":"github","scopes":["user:email"]},{"id":"microsoft","scopes":["openid","profile","email","offline_access"]}]
2024-11-12 19:34:23.663 [info] Settings Sync: Authentication providers updated ["github","microsoft"]
2024-11-12 19:34:25.157 [info] [perf] Render performance baseline is 26ms
2024-11-12 19:34:29.920 [error] [Extension Host] View has not been initialized after retrying for 5 seconds.
