2024-11-12 18:38:05.796 [info] Using settings sync service https://vscode-sync.trafficmanager.net/
2024-11-12 18:38:05.796 [info] Auto Sync is disabled.
2024-11-12 18:44:26.236 [info] Sync started.
2024-11-12 18:44:26.316 [info] Did reset the local sync state.
2024-11-12 18:44:26.325 [info] Settings: Migrating last sync user data. Resource does not exist.
2024-11-12 18:44:26.325 [info] Settings: Last sync data state does not exist.
2024-11-12 18:44:26.349 [info] Settings: Migrating last sync user data. Resource does not exist.
2024-11-12 18:44:26.350 [info] Settings: Last sync data state does not exist.
2024-11-12 18:44:26.427 [info] Keybindings: Migrating last sync user data. Resource does not exist.
2024-11-12 18:44:26.427 [info] Keybindings: Last sync data state does not exist.
2024-11-12 18:44:26.459 [info] Snippets: Migrating last sync user data. Resource does not exist.
2024-11-12 18:44:26.459 [info] Snippets: Last sync data state does not exist.
2024-11-12 18:44:26.490 [info] GlobalState: Migrating last sync user data. Resource does not exist.
2024-11-12 18:44:26.490 [info] GlobalState: Last sync data state does not exist.
2024-11-12 18:44:26.492 [info] Tasks: Migrating last sync user data. Resource does not exist.
2024-11-12 18:44:26.492 [info] Tasks: Last sync data state does not exist.
2024-11-12 18:44:26.525 [info] GlobalState: Migrating last sync user data. Resource does not exist.
2024-11-12 18:44:26.526 [info] GlobalState: Last sync data state does not exist.
2024-11-12 18:44:26.568 [info] Extensions: Migrating last sync user data. Resource does not exist.
2024-11-12 18:44:26.569 [info] Extensions: Last sync data state does not exist.
2024-11-12 18:44:26.648 [info] Profiles: Migrating last sync user data. Resource does not exist.
2024-11-12 18:44:26.648 [info] Profiles: Last sync data state does not exist.
2024-11-12 18:44:26.684 [info] Profiles: Migrating last sync user data. Resource does not exist.
2024-11-12 18:44:26.684 [info] Profiles: Last sync data state does not exist.
2024-11-12 18:44:26.688 [info] Settings: No changes found during synchronizing settings.
2024-11-12 18:44:26.693 [info] Settings: Updated last synchronized settings
2024-11-12 18:44:26.694 [info] Keybindings: No changes found during synchronizing keybindings.
2024-11-12 18:44:26.698 [info] Keybindings: Updated last synchronized keybindings
2024-11-12 18:44:26.699 [info] Snippets: No changes found during synchronizing snippets.
2024-11-12 18:44:26.703 [info] Snippets: Updated last synchronized snippets
2024-11-12 18:44:26.703 [info] Tasks: No changes found during synchronizing tasks.
2024-11-12 18:44:26.706 [info] Tasks: Updated last synchronized tasks
2024-11-12 18:44:26.966 [info] GlobalState: Migrating last sync user data. Resource does not exist.
2024-11-12 18:44:26.969 [info] GlobalState: Last sync data state does not exist.
2024-11-12 18:44:27.058 [info] GlobalState: Updated remote ui state. Added: workbench.explorer.views.state.hidden,workbench.view.search.state.hidden,workbench.scm.views.state.hidden,workbench.panel.markers.hidden,workbench.panel.output.hidden,terminal.hidden,workbench.activityBar.location,workbench.activity.pinnedViewlets2,workbench.panel.pinnedPanels,workbench.auxiliarybar.pinnedPanels,colorThemeData,workbench.view.debug.state.hidden,nps/lastSessionDate,nps/sessionCount,~remote.forwardedPortsContainer.hidden,cpp.1.lastSessionDate,cpp.1.sessionCount,java.2.lastSessionDate,java.2.sessionCount,javascript.1.lastSessionDate,javascript.1.sessionCount,typescript.1.lastSessionDate,typescript.1.sessionCount,csharp.1.lastSessionDate,csharp.1.sessionCount,workbench.telemetryOptOutShown,workbench.chat.hideMovedChatWelcomeView,memento/gettingStartedService,encryption.migratedToGnomeLibsecret,themeUpdatedNotificationShown,workbench.view.extensions.state.hidden,workbench.panel.alignment.
2024-11-12 18:44:27.073 [info] GlobalState: Updated last synchronized ui state
2024-11-12 18:44:27.300 [info] Extensions: Updated remote extensions. Added: ["vscode.bat","vscode.clojure","vscode.coffeescript","vscode.configuration-editing","vscode.cpp","vscode.csharp","vscode.css","vscode.css-language-features","vscode.dart","vscode.debug-auto-launch","vscode.debug-server-ready","vscode.diff","vscode.docker","vscode.emmet","vscode.extension-editing","vscode.fsharp","vscode.git","vscode.git-base","vscode.github","vscode.github-authentication","vscode.go","vscode.groovy","vscode.grunt","vscode.gulp","vscode.handlebars","vscode.hlsl","vscode.html","vscode.html-language-features","vscode.ini","vscode.ipynb","vscode.jake","vscode.java","vscode.javascript","vscode.json","vscode.json-language-features","vscode.julia","vscode.latex","vscode.less","vscode.log","vscode.lua","vscode.make","vscode.markdown","vscode.markdown-language-features","vscode.markdown-math","vscode.media-preview","vscode.merge-conflict","vscode.microsoft-authentication","ms-vscode.js-debug","ms-vscode.js-debug-companion","ms-vscode.vscode-js-profile-table","vscode.builtin-notebook-renderers","vscode.npm","vscode.objective-c","vscode.perl","vscode.php","vscode.php-language-features","vscode.powershell","vscode.pug","vscode.python","vscode.r","vscode.razor","vscode.references-view","vscode.restructuredtext","vscode.ruby","vscode.rust","vscode.scss","vscode.search-result","vscode.shaderlab","vscode.shellscript","vscode.simple-browser","vscode.sql","vscode.swift","vscode.theme-abyss","vscode.theme-defaults","vscode.theme-kimbie-dark","vscode.theme-monokai","vscode.theme-monokai-dimmed","vscode.theme-quietlight","vscode.theme-red","vscode.vscode-theme-seti","vscode.theme-solarized-dark","vscode.theme-solarized-light","vscode.theme-tomorrow-night-blue","vscode.tunnel-forwarding","vscode.typescript","vscode.typescript-language-features","vscode.vb","vscode.xml","vscode.yaml","arcticicestudio.nord-visual-studio-code"].
2024-11-12 18:44:27.304 [info] Extensions: Updated last synchronized extensions.
2024-11-12 18:44:27.307 [info] Profiles: No changes found during synchronizing profiles.
2024-11-12 18:44:27.311 [info] Profiles: Updated last synchronized profiles.
2024-11-12 18:44:27.313 [info] Sync done. Took 1080ms
2024-11-12 18:44:27.317 [info] Auto Sync: Triggered by Interval
2024-11-12 18:44:27.317 [info] Sync started.
2024-11-12 18:44:27.368 [info] Settings: No changes found during synchronizing settings.
2024-11-12 18:44:27.373 [info] Keybindings: No changes found during synchronizing keybindings.
2024-11-12 18:44:27.377 [info] Snippets: No changes found during synchronizing snippets.
2024-11-12 18:44:27.381 [info] Tasks: No changes found during synchronizing tasks.
2024-11-12 18:44:27.384 [info] GlobalState: No changes found during synchronizing ui state.
2024-11-12 18:44:27.428 [info] Extensions: No changes found during synchronizing extensions.
2024-11-12 18:44:27.435 [info] Profiles: No changes found during synchronizing profiles.
2024-11-12 18:44:27.440 [info] Sync done. Took 122ms
2024-11-12 18:44:29.803 [info] Auto Sync: Triggered by Activity
2024-11-12 18:44:29.803 [info] Sync started.
2024-11-12 18:44:29.824 [info] Settings: No changes found during synchronizing settings.
2024-11-12 18:44:29.830 [info] Keybindings: No changes found during synchronizing keybindings.
2024-11-12 18:44:29.836 [info] Snippets: No changes found during synchronizing snippets.
2024-11-12 18:44:29.840 [info] Tasks: No changes found during synchronizing tasks.
2024-11-12 18:44:30.110 [info] GlobalState: Updated remote ui state. Updated: memento/gettingStartedService.
2024-11-12 18:44:30.124 [info] GlobalState: Updated last synchronized ui state
2024-11-12 18:44:30.157 [info] Extensions: No changes found during synchronizing extensions.
2024-11-12 18:44:30.159 [info] Profiles: No changes found during synchronizing profiles.
2024-11-12 18:44:30.161 [info] Sync done. Took 359ms
2024-11-12 18:44:59.675 [info] Auto Sync: Suspended until auth token is available.
2024-11-12 18:44:59.675 [info] Auto Sync: Stopped
2024-11-12 18:45:12.636 [info] Auto Sync: Triggered by Interval
2024-11-12 18:45:12.637 [info] Sync started.
2024-11-12 18:45:12.657 [info] Settings: No changes found during synchronizing settings.
2024-11-12 18:45:12.662 [info] Keybindings: No changes found during synchronizing keybindings.
2024-11-12 18:45:12.667 [info] Snippets: No changes found during synchronizing snippets.
2024-11-12 18:45:12.670 [info] Tasks: No changes found during synchronizing tasks.
2024-11-12 18:45:12.676 [info] GlobalState: No changes found during synchronizing ui state.
2024-11-12 18:45:12.715 [info] Extensions: No changes found during synchronizing extensions.
2024-11-12 18:45:12.716 [info] Profiles: No changes found during synchronizing profiles.
2024-11-12 18:45:12.718 [info] Sync done. Took 83ms
2024-11-12 18:45:32.385 [info] Auto Sync: Triggered by Activity
2024-11-12 18:45:32.385 [info] Sync started.
2024-11-12 18:45:32.418 [info] Settings: No changes found during synchronizing settings.
2024-11-12 18:45:32.423 [info] Keybindings: No changes found during synchronizing keybindings.
2024-11-12 18:45:32.427 [info] Snippets: No changes found during synchronizing snippets.
2024-11-12 18:45:32.432 [info] Tasks: No changes found during synchronizing tasks.
2024-11-12 18:45:32.437 [info] GlobalState: No changes found during synchronizing ui state.
2024-11-12 18:45:32.471 [info] Extensions: No changes found during synchronizing extensions.
2024-11-12 18:45:32.480 [info] Profiles: No changes found during synchronizing profiles.
2024-11-12 18:45:32.483 [info] Sync done. Took 99ms
2024-11-12 18:45:51.217 [info] Auto Sync: Triggered by Activity
2024-11-12 18:45:51.218 [info] Sync started.
2024-11-12 18:45:51.240 [info] Settings: No changes found during synchronizing settings.
2024-11-12 18:45:51.244 [info] Keybindings: No changes found during synchronizing keybindings.
2024-11-12 18:45:51.248 [info] Snippets: No changes found during synchronizing snippets.
2024-11-12 18:45:51.252 [info] Tasks: No changes found during synchronizing tasks.
2024-11-12 18:45:51.258 [info] GlobalState: No changes found during synchronizing ui state.
2024-11-12 18:45:51.294 [info] Extensions: No changes found during synchronizing extensions.
2024-11-12 18:45:51.298 [info] Profiles: No changes found during synchronizing profiles.
2024-11-12 18:45:51.300 [info] Sync done. Took 85ms
2024-11-12 18:46:43.068 [info] Auto Sync: Triggered by Activity
2024-11-12 18:46:43.068 [info] Sync started.
2024-11-12 18:46:43.098 [info] Settings: No changes found during synchronizing settings.
2024-11-12 18:46:43.104 [info] Keybindings: No changes found during synchronizing keybindings.
2024-11-12 18:46:43.109 [info] Snippets: No changes found during synchronizing snippets.
2024-11-12 18:46:43.112 [info] Tasks: No changes found during synchronizing tasks.
2024-11-12 18:46:43.116 [info] GlobalState: No changes found during synchronizing ui state.
2024-11-12 18:46:43.144 [info] Extensions: No changes found during synchronizing extensions.
2024-11-12 18:46:43.147 [info] Profiles: No changes found during synchronizing profiles.
2024-11-12 18:46:43.149 [info] Sync done. Took 83ms
2024-11-12 18:47:10.552 [info] Auto Sync: Triggered by Activity
2024-11-12 18:47:10.552 [info] Sync started.
2024-11-12 18:47:10.580 [info] Settings: No changes found during synchronizing settings.
2024-11-12 18:47:10.584 [info] Keybindings: No changes found during synchronizing keybindings.
2024-11-12 18:47:10.587 [info] Snippets: No changes found during synchronizing snippets.
2024-11-12 18:47:10.590 [info] Tasks: No changes found during synchronizing tasks.
2024-11-12 18:47:10.593 [info] GlobalState: No changes found during synchronizing ui state.
2024-11-12 18:47:10.620 [info] Extensions: No changes found during synchronizing extensions.
2024-11-12 18:47:10.623 [info] Profiles: No changes found during synchronizing profiles.
2024-11-12 18:47:10.624 [info] Sync done. Took 75ms
2024-11-12 18:47:26.985 [info] Auto Sync: Triggered by Activity
2024-11-12 18:47:26.986 [info] Sync started.
2024-11-12 18:47:27.019 [info] Settings: No changes found during synchronizing settings.
2024-11-12 18:47:27.023 [info] Keybindings: No changes found during synchronizing keybindings.
2024-11-12 18:47:27.028 [info] Snippets: No changes found during synchronizing snippets.
2024-11-12 18:47:27.031 [info] Tasks: No changes found during synchronizing tasks.
2024-11-12 18:47:27.034 [info] GlobalState: No changes found during synchronizing ui state.
2024-11-12 18:47:27.055 [info] Extensions: No changes found during synchronizing extensions.
2024-11-12 18:47:27.057 [info] Profiles: No changes found during synchronizing profiles.
2024-11-12 18:47:27.058 [info] Sync done. Took 75ms
