2024-11-12 18:39:42.380 [info] Getting sessions for all scopes...
2024-11-12 18:39:42.380 [info] Got 0 sessions for all scopes...
2024-11-12 18:39:42.380 [info] Getting sessions for all scopes...
2024-11-12 18:39:42.380 [info] Got 0 sessions for all scopes...
2024-11-12 18:39:42.381 [info]  for undefined
2024-11-12 18:39:42.381 [info] [email offline_access openid profile] Got 0 sessions
2024-11-12 18:39:47.557 [info]  for undefined
2024-11-12 18:40:01.347 [info] [email offline_access openid profile] 'f8cdef31-a31e-4b4a-93e4-5f571e91255a/1:live.com:00030000174F7408/09fb2070-778b-41a1-b057-f725aecf4692' session successfully created!
2024-11-12 18:43:52.660 [info]  for undefined
2024-11-12 18:43:52.660 [info] [email offline_access openid profile] Got 1 sessions
2024-11-12 18:44:24.610 [info]  for undefined
2024-11-12 18:44:24.610 [info] [email offline_access openid profile] Got 1 sessions
2024-11-12 18:44:26.224 [info]  for undefined
2024-11-12 18:44:26.224 [info] [email offline_access openid profile] Got 1 sessions
2024-11-12 18:44:57.649 [info] Getting sessions for all scopes...
2024-11-12 18:44:57.649 [info] Got 1 sessions for all scopes...
2024-11-12 18:44:59.666 [info] [email offline_access openid profile] 'f8cdef31-a31e-4b4a-93e4-5f571e91255a/1:live.com:00030000174F7408/09fb2070-778b-41a1-b057-f725aecf4692' Logging out of session
2024-11-12 18:44:59.667 [info] [email offline_access openid profile] 'f8cdef31-a31e-4b4a-93e4-5f571e91255a/1:live.com:00030000174F7408/09fb2070-778b-41a1-b057-f725aecf4692' Logged out of session successfully!
2024-11-12 18:45:04.979 [info]  for undefined
2024-11-12 18:45:12.619 [info] [email offline_access openid profile] 'f8cdef31-a31e-4b4a-93e4-5f571e91255a/1:live.com:00030000174F7408/9cecc11f-c40c-4224-bfca-9033cbb7cd33' session successfully created!
2024-11-12 18:45:12.633 [info]  for undefined
2024-11-12 18:45:12.633 [info] [email offline_access openid profile] Got 1 sessions
2024-11-12 18:45:34.174 [info]  for undefined
2024-11-12 18:45:34.174 [info] [email offline_access openid profile] Got 1 sessions
2024-11-12 18:46:05.048 [info]  for undefined
2024-11-12 18:46:05.048 [info] [email offline_access openid profile] Got 1 sessions
2024-11-12 18:46:51.227 [info]  for undefined
2024-11-12 18:46:51.227 [info] [email offline_access openid profile] Got 1 sessions
