2024-11-12 21:01:39.213 [info] Started local extension host with pid 174861.
2024-11-12 21:01:39.795 [info] Settings Sync: Updating authentication providers. Authentication Providers from store: [{"id":"github","scopes":["user:email"]},{"id":"microsoft","scopes":["openid","profile","email","offline_access"]}]
2024-11-12 21:01:39.795 [info] Settings Sync: Authentication providers updated []
2024-11-12 21:01:39.931 [info] Settings Sync: Updating authentication providers. Authentication Providers from store: [{"id":"github","scopes":["user:email"]},{"id":"microsoft","scopes":["openid","profile","email","offline_access"]}]
2024-11-12 21:01:39.932 [info] Settings Sync: Authentication providers updated ["github"]
2024-11-12 21:01:39.932 [info] Settings Sync: Updating authentication providers. Authentication Providers from store: [{"id":"github","scopes":["user:email"]},{"id":"microsoft","scopes":["openid","profile","email","offline_access"]}]
2024-11-12 21:01:39.932 [info] Settings Sync: Authentication providers updated ["github"]
2024-11-12 21:01:39.933 [info] Settings Sync: Updating due to declared authentication providers changed
2024-11-12 21:01:39.933 [info] Settings Sync: Updating authentication providers. Authentication Providers from store: [{"id":"github","scopes":["user:email"]},{"id":"microsoft","scopes":["openid","profile","email","offline_access"]}]
2024-11-12 21:01:39.933 [info] Settings Sync: Authentication providers updated ["github"]
2024-11-12 21:01:39.933 [info] Settings Sync: Updating authentication providers. Authentication Providers from store: [{"id":"github","scopes":["user:email"]},{"id":"microsoft","scopes":["openid","profile","email","offline_access"]}]
2024-11-12 21:01:39.933 [info] Settings Sync: Authentication providers updated ["github","microsoft"]
2024-11-12 21:01:39.934 [info] Settings Sync: Updating authentication providers. Authentication Providers from store: [{"id":"github","scopes":["user:email"]},{"id":"microsoft","scopes":["openid","profile","email","offline_access"]}]
2024-11-12 21:01:39.934 [info] Settings Sync: Authentication providers updated ["github","microsoft"]
2024-11-12 21:01:39.934 [info] Settings Sync: Updating due to declared authentication providers changed
2024-11-12 21:01:39.934 [info] Settings Sync: Updating authentication providers. Authentication Providers from store: [{"id":"github","scopes":["user:email"]},{"id":"microsoft","scopes":["openid","profile","email","offline_access"]}]
2024-11-12 21:01:39.935 [info] Settings Sync: Authentication providers updated ["github","microsoft"]
2024-11-12 21:01:41.134 [info] Settings Sync: Updating authentication providers. Authentication Providers from store: [{"id":"github","scopes":["user:email"]},{"id":"microsoft","scopes":["openid","profile","email","offline_access"]}]
2024-11-12 21:01:41.135 [info] Settings Sync: Authentication providers updated ["github","microsoft"]
2024-11-12 21:01:41.942 [info] [perf] Render performance baseline is 44ms
2024-11-12 21:01:46.503 [error] [Extension Host] View has not been initialized after retrying for 5 seconds.
2024-11-12 21:02:17.172 [error] [Extension Host] View has not been initialized after retrying for 5 seconds.
2024-11-12 21:02:17.681 [error] [Extension Host] View has not been initialized after retrying for 5 seconds.
2024-11-12 21:07:19.954 [error] [Extension Host] View has not been initialized after retrying for 5 seconds.
2024-11-12 21:07:25.295 [error] [Extension Host] View has not been initialized after retrying for 5 seconds.
2024-11-12 21:07:26.786 [error] [Extension Host] View has not been initialized after retrying for 5 seconds.
2024-11-12 21:07:27.117 [error] [Extension Host] View has not been initialized after retrying for 5 seconds.
2024-11-12 21:07:27.662 [error] [Extension Host] View has not been initialized after retrying for 5 seconds.
2024-11-12 21:07:28.896 [error] [Extension Host] View has not been initialized after retrying for 5 seconds.
2024-11-12 21:07:29.216 [error] [Extension Host] View has not been initialized after retrying for 5 seconds.
2024-11-12 21:07:29.608 [error] [Extension Host] View has not been initialized after retrying for 5 seconds.
2024-11-12 21:07:30.531 [error] [Extension Host] View has not been initialized after retrying for 5 seconds.
2024-11-12 21:07:31.242 [error] [Extension Host] View has not been initialized after retrying for 5 seconds.
2024-11-12 21:07:31.726 [error] [Extension Host] View has not been initialized after retrying for 5 seconds.
2024-11-12 21:07:36.546 [error] [Extension Host] View has not been initialized after retrying for 5 seconds.
2024-11-12 21:07:37.421 [error] [Extension Host] View has not been initialized after retrying for 5 seconds.
2024-11-12 21:07:38.007 [error] [Extension Host] View has not been initialized after retrying for 5 seconds.
2024-11-12 21:07:38.052 [error] [Extension Host] View has not been initialized after retrying for 5 seconds.
2024-11-12 21:07:38.102 [error] [Extension Host] View has not been initialized after retrying for 5 seconds.
2024-11-12 21:07:38.130 [error] [Extension Host] View has not been initialized after retrying for 5 seconds.
2024-11-12 21:07:38.176 [error] [Extension Host] View has not been initialized after retrying for 5 seconds.
2024-11-12 21:07:38.210 [error] [Extension Host] View has not been initialized after retrying for 5 seconds.
2024-11-12 21:07:38.258 [error] [Extension Host] View has not been initialized after retrying for 5 seconds.
2024-11-12 21:07:38.301 [error] [Extension Host] View has not been initialized after retrying for 5 seconds.
2024-11-12 21:07:38.339 [error] [Extension Host] View has not been initialized after retrying for 5 seconds.
2024-11-12 21:07:38.962 [error] [Extension Host] View has not been initialized after retrying for 5 seconds.
2024-11-12 21:07:41.832 [error] [Extension Host] View has not been initialized after retrying for 5 seconds.
2024-11-12 21:07:42.123 [error] [Extension Host] View has not been initialized after retrying for 5 seconds.
2024-11-12 21:07:42.287 [error] [Extension Host] View has not been initialized after retrying for 5 seconds.
2024-11-12 21:07:42.471 [error] [Extension Host] View has not been initialized after retrying for 5 seconds.
2024-11-12 21:07:42.791 [error] [Extension Host] View has not been initialized after retrying for 5 seconds.
2024-11-12 21:07:43.127 [error] [Extension Host] View has not been initialized after retrying for 5 seconds.
2024-11-12 21:07:44.294 [error] [Extension Host] View has not been initialized after retrying for 5 seconds.
2024-11-12 21:07:45.293 [error] [Extension Host] View has not been initialized after retrying for 5 seconds.
2024-11-12 21:07:47.623 [error] [Extension Host] View has not been initialized after retrying for 5 seconds.
2024-11-12 21:07:47.837 [error] [Extension Host] View has not been initialized after retrying for 5 seconds.
2024-11-12 21:07:48.005 [error] [Extension Host] View has not been initialized after retrying for 5 seconds.
2024-11-12 21:07:48.175 [error] [Extension Host] View has not been initialized after retrying for 5 seconds.
2024-11-12 21:07:48.302 [error] [Extension Host] View has not been initialized after retrying for 5 seconds.
2024-11-12 21:07:48.455 [error] [Extension Host] View has not been initialized after retrying for 5 seconds.
2024-11-12 21:07:48.928 [error] [Extension Host] View has not been initialized after retrying for 5 seconds.
2024-11-12 21:07:49.629 [error] [Extension Host] View has not been initialized after retrying for 5 seconds.
2024-11-12 21:07:50.046 [error] [Extension Host] View has not been initialized after retrying for 5 seconds.
2024-11-12 21:07:50.653 [error] [Extension Host] View has not been initialized after retrying for 5 seconds.
2024-11-12 21:07:50.684 [error] [Extension Host] View has not been initialized after retrying for 5 seconds.
2024-11-12 21:07:50.730 [error] [Extension Host] View has not been initialized after retrying for 5 seconds.
2024-11-12 21:07:50.763 [error] [Extension Host] View has not been initialized after retrying for 5 seconds.
2024-11-12 21:07:50.810 [error] [Extension Host] View has not been initialized after retrying for 5 seconds.
2024-11-12 21:07:50.844 [error] [Extension Host] View has not been initialized after retrying for 5 seconds.
2024-11-12 21:07:50.886 [error] [Extension Host] View has not been initialized after retrying for 5 seconds.
2024-11-12 21:07:50.934 [error] [Extension Host] View has not been initialized after retrying for 5 seconds.
2024-11-12 21:07:51.263 [error] [Extension Host] View has not been initialized after retrying for 5 seconds.
2024-11-12 21:07:51.383 [error] [Extension Host] View has not been initialized after retrying for 5 seconds.
2024-11-12 21:07:52.511 [error] [Extension Host] View has not been initialized after retrying for 5 seconds.
2024-11-12 21:07:52.754 [error] [Extension Host] View has not been initialized after retrying for 5 seconds.
2024-11-12 21:07:52.890 [error] [Extension Host] View has not been initialized after retrying for 5 seconds.
2024-11-12 21:07:53.035 [error] [Extension Host] View has not been initialized after retrying for 5 seconds.
2024-11-12 21:07:53.167 [error] [Extension Host] View has not been initialized after retrying for 5 seconds.
2024-11-12 21:07:53.392 [error] [Extension Host] View has not been initialized after retrying for 5 seconds.
2024-11-12 21:07:54.267 [error] [Extension Host] View has not been initialized after retrying for 5 seconds.
2024-11-12 21:07:55.395 [error] [Extension Host] View has not been initialized after retrying for 5 seconds.
2024-11-12 21:07:56.014 [error] [Extension Host] View has not been initialized after retrying for 5 seconds.
2024-11-12 21:07:56.351 [error] [Extension Host] View has not been initialized after retrying for 5 seconds.
2024-11-12 21:07:56.948 [error] [Extension Host] View has not been initialized after retrying for 5 seconds.
2024-11-12 21:07:57.481 [error] [Extension Host] View has not been initialized after retrying for 5 seconds.
2024-11-12 21:07:57.667 [error] [Extension Host] View has not been initialized after retrying for 5 seconds.
2024-11-12 21:07:59.898 [error] [Extension Host] View has not been initialized after retrying for 5 seconds.
2024-11-12 21:08:00.522 [error] [Extension Host] View has not been initialized after retrying for 5 seconds.
2024-11-12 21:08:00.750 [error] [Extension Host] View has not been initialized after retrying for 5 seconds.
2024-11-12 21:08:02.610 [error] [Extension Host] View has not been initialized after retrying for 5 seconds.
2024-11-12 21:08:02.777 [error] [Extension Host] View has not been initialized after retrying for 5 seconds.
2024-11-12 21:08:04.683 [error] [Extension Host] View has not been initialized after retrying for 5 seconds.
2024-11-12 21:08:04.903 [error] [Extension Host] View has not been initialized after retrying for 5 seconds.
2024-11-12 21:08:05.052 [error] [Extension Host] View has not been initialized after retrying for 5 seconds.
2024-11-12 21:08:05.536 [error] [Extension Host] View has not been initialized after retrying for 5 seconds.
2024-11-12 21:08:06.008 [error] [Extension Host] View has not been initialized after retrying for 5 seconds.
2024-11-12 21:08:06.738 [error] [Extension Host] View has not been initialized after retrying for 5 seconds.
2024-11-12 21:08:06.963 [error] [Extension Host] View has not been initialized after retrying for 5 seconds.
2024-11-12 21:08:07.661 [error] [Extension Host] View has not been initialized after retrying for 5 seconds.
2024-11-12 21:08:07.853 [error] [Extension Host] View has not been initialized after retrying for 5 seconds.
2024-11-12 21:08:07.981 [error] [Extension Host] View has not been initialized after retrying for 5 seconds.
2024-11-12 21:08:08.103 [error] [Extension Host] View has not been initialized after retrying for 5 seconds.
2024-11-12 21:08:08.261 [error] [Extension Host] View has not been initialized after retrying for 5 seconds.
2024-11-12 21:08:08.394 [error] [Extension Host] View has not been initialized after retrying for 5 seconds.
2024-11-12 21:08:08.545 [error] [Extension Host] View has not been initialized after retrying for 5 seconds.
2024-11-12 21:08:08.691 [error] [Extension Host] View has not been initialized after retrying for 5 seconds.
2024-11-12 21:08:08.818 [error] [Extension Host] View has not been initialized after retrying for 5 seconds.
2024-11-12 21:08:08.960 [error] [Extension Host] View has not been initialized after retrying for 5 seconds.
2024-11-12 21:08:09.090 [error] [Extension Host] View has not been initialized after retrying for 5 seconds.
2024-11-12 21:08:20.158 [error] [Extension Host] View has not been initialized after retrying for 5 seconds.
2024-11-12 21:08:22.410 [error] [Extension Host] View has not been initialized after retrying for 5 seconds.
2024-11-12 21:08:22.578 [error] [Extension Host] View has not been initialized after retrying for 5 seconds.
2024-11-12 21:08:22.699 [error] [Extension Host] View has not been initialized after retrying for 5 seconds.
2024-11-12 21:08:23.976 [error] [Extension Host] View has not been initialized after retrying for 5 seconds.
2024-11-12 21:08:24.279 [error] [Extension Host] View has not been initialized after retrying for 5 seconds.
2024-11-12 21:08:24.441 [error] [Extension Host] View has not been initialized after retrying for 5 seconds.
2024-11-12 21:08:25.586 [error] [Extension Host] View has not been initialized after retrying for 5 seconds.
2024-11-12 21:08:25.735 [error] [Extension Host] View has not been initialized after retrying for 5 seconds.
2024-11-12 21:08:26.121 [error] [Extension Host] View has not been initialized after retrying for 5 seconds.
2024-11-12 21:08:26.563 [error] [Extension Host] View has not been initialized after retrying for 5 seconds.
2024-11-12 21:08:26.726 [error] [Extension Host] View has not been initialized after retrying for 5 seconds.
2024-11-12 21:08:27.296 [error] [Extension Host] View has not been initialized after retrying for 5 seconds.
2024-11-12 21:08:32.495 [error] [Extension Host] View has not been initialized after retrying for 5 seconds.
2024-11-12 21:08:33.098 [error] [Extension Host] View has not been initialized after retrying for 5 seconds.
2024-11-12 21:08:33.246 [error] [Extension Host] View has not been initialized after retrying for 5 seconds.
2024-11-12 21:08:35.102 [error] [Extension Host] View has not been initialized after retrying for 5 seconds.
2024-11-12 21:08:35.777 [error] [Extension Host] View has not been initialized after retrying for 5 seconds.
2024-11-12 21:08:37.875 [error] [Extension Host] View has not been initialized after retrying for 5 seconds.
2024-11-12 21:08:38.697 [error] [Extension Host] View has not been initialized after retrying for 5 seconds.
2024-11-12 21:08:39.577 [error] [Extension Host] View has not been initialized after retrying for 5 seconds.
2024-11-12 21:08:40.520 [error] [Extension Host] View has not been initialized after retrying for 5 seconds.
2024-11-12 21:08:40.771 [error] [Extension Host] View has not been initialized after retrying for 5 seconds.
2024-11-12 21:08:41.118 [error] [Extension Host] View has not been initialized after retrying for 5 seconds.
2024-11-12 21:08:41.273 [error] [Extension Host] View has not been initialized after retrying for 5 seconds.
2024-11-12 21:08:41.460 [error] [Extension Host] View has not been initialized after retrying for 5 seconds.
2024-11-12 21:09:31.665 [error] [Extension Host] View has not been initialized after retrying for 5 seconds.
2024-11-12 21:09:31.862 [error] [Extension Host] View has not been initialized after retrying for 5 seconds.
2024-11-12 21:09:32.166 [error] [Extension Host] View has not been initialized after retrying for 5 seconds.
2024-11-12 21:09:32.314 [error] [Extension Host] View has not been initialized after retrying for 5 seconds.
2024-11-12 21:09:32.501 [error] [Extension Host] View has not been initialized after retrying for 5 seconds.
2024-11-12 21:09:36.659 [error] [Extension Host] View has not been initialized after retrying for 5 seconds.
2024-11-12 21:09:40.912 [error] [Extension Host] View has not been initialized after retrying for 5 seconds.
2024-11-12 21:09:41.116 [error] [Extension Host] View has not been initialized after retrying for 5 seconds.
2024-11-12 21:09:41.237 [error] [Extension Host] View has not been initialized after retrying for 5 seconds.
2024-11-12 21:09:41.835 [error] [Extension Host] View has not been initialized after retrying for 5 seconds.
2024-11-12 21:09:41.874 [error] [Extension Host] View has not been initialized after retrying for 5 seconds.
2024-11-12 21:09:41.913 [error] [Extension Host] View has not been initialized after retrying for 5 seconds.
2024-11-12 21:09:41.947 [error] [Extension Host] View has not been initialized after retrying for 5 seconds.
2024-11-12 21:09:41.991 [error] [Extension Host] View has not been initialized after retrying for 5 seconds.
2024-11-12 21:09:42.034 [error] [Extension Host] View has not been initialized after retrying for 5 seconds.
2024-11-12 21:09:42.073 [error] [Extension Host] View has not been initialized after retrying for 5 seconds.
2024-11-12 21:09:42.111 [error] [Extension Host] View has not been initialized after retrying for 5 seconds.
2024-11-12 21:09:42.150 [error] [Extension Host] View has not been initialized after retrying for 5 seconds.
2024-11-12 21:09:42.195 [error] [Extension Host] View has not been initialized after retrying for 5 seconds.
2024-11-12 21:09:42.238 [error] [Extension Host] View has not been initialized after retrying for 5 seconds.
2024-11-12 21:09:42.272 [error] [Extension Host] View has not been initialized after retrying for 5 seconds.
2024-11-12 21:09:42.311 [error] [Extension Host] View has not been initialized after retrying for 5 seconds.
2024-11-12 21:09:42.351 [error] [Extension Host] View has not been initialized after retrying for 5 seconds.
2024-11-12 21:09:42.393 [error] [Extension Host] View has not been initialized after retrying for 5 seconds.
2024-11-12 21:09:42.431 [error] [Extension Host] View has not been initialized after retrying for 5 seconds.
2024-11-12 21:09:42.477 [error] [Extension Host] View has not been initialized after retrying for 5 seconds.
2024-11-12 21:09:42.518 [error] [Extension Host] View has not been initialized after retrying for 5 seconds.
2024-11-12 21:09:42.552 [error] [Extension Host] View has not been initialized after retrying for 5 seconds.
2024-11-12 21:09:42.592 [error] [Extension Host] View has not been initialized after retrying for 5 seconds.
2024-11-12 21:09:42.633 [error] [Extension Host] View has not been initialized after retrying for 5 seconds.
2024-11-12 21:09:42.671 [error] [Extension Host] View has not been initialized after retrying for 5 seconds.
2024-11-12 21:09:42.717 [error] [Extension Host] View has not been initialized after retrying for 5 seconds.
2024-11-12 21:09:42.969 [error] [Extension Host] View has not been initialized after retrying for 5 seconds.
2024-11-12 21:09:43.122 [error] [Extension Host] View has not been initialized after retrying for 5 seconds.
2024-11-12 21:09:43.270 [error] [Extension Host] View has not been initialized after retrying for 5 seconds.
2024-11-12 21:09:43.392 [error] [Extension Host] View has not been initialized after retrying for 5 seconds.
2024-11-12 21:09:43.782 [error] [Extension Host] View has not been initialized after retrying for 5 seconds.
2024-11-12 21:09:44.471 [error] [Extension Host] View has not been initialized after retrying for 5 seconds.
2024-11-12 21:09:47.806 [error] [Extension Host] View has not been initialized after retrying for 5 seconds.
2024-11-12 21:09:48.844 [error] [Extension Host] View has not been initialized after retrying for 5 seconds.
2024-11-12 21:09:49.059 [error] [Extension Host] View has not been initialized after retrying for 5 seconds.
2024-11-12 21:09:50.759 [error] [Extension Host] View has not been initialized after retrying for 5 seconds.
2024-11-12 21:09:51.098 [error] [Extension Host] View has not been initialized after retrying for 5 seconds.
2024-11-12 21:09:53.047 [error] [Extension Host] View has not been initialized after retrying for 5 seconds.
2024-11-12 21:09:53.901 [error] [Extension Host] View has not been initialized after retrying for 5 seconds.
2024-11-12 21:09:55.217 [error] [Extension Host] View has not been initialized after retrying for 5 seconds.
2024-11-12 21:09:55.641 [error] [Extension Host] View has not been initialized after retrying for 5 seconds.
2024-11-12 21:09:56.104 [error] [Extension Host] View has not been initialized after retrying for 5 seconds.
2024-11-12 21:09:56.710 [error] [Extension Host] View has not been initialized after retrying for 5 seconds.
2024-11-12 21:09:56.742 [error] [Extension Host] View has not been initialized after retrying for 5 seconds.
2024-11-12 21:09:56.783 [error] [Extension Host] View has not been initialized after retrying for 5 seconds.
2024-11-12 21:09:56.830 [error] [Extension Host] View has not been initialized after retrying for 5 seconds.
2024-11-12 21:09:56.860 [error] [Extension Host] View has not been initialized after retrying for 5 seconds.
2024-11-12 21:09:56.904 [error] [Extension Host] View has not been initialized after retrying for 5 seconds.
2024-11-12 21:09:56.940 [error] [Extension Host] View has not been initialized after retrying for 5 seconds.
2024-11-12 21:09:56.983 [error] [Extension Host] View has not been initialized after retrying for 5 seconds.
2024-11-12 21:09:57.024 [error] [Extension Host] View has not been initialized after retrying for 5 seconds.
2024-11-12 21:09:57.065 [error] [Extension Host] View has not been initialized after retrying for 5 seconds.
2024-11-12 21:09:57.107 [error] [Extension Host] View has not been initialized after retrying for 5 seconds.
2024-11-12 21:09:57.145 [error] [Extension Host] View has not been initialized after retrying for 5 seconds.
2024-11-12 21:09:57.183 [error] [Extension Host] View has not been initialized after retrying for 5 seconds.
2024-11-12 21:09:57.229 [error] [Extension Host] View has not been initialized after retrying for 5 seconds.
2024-11-12 21:09:57.268 [error] [Extension Host] View has not been initialized after retrying for 5 seconds.
2024-11-12 21:09:57.309 [error] [Extension Host] View has not been initialized after retrying for 5 seconds.
2024-11-12 21:09:57.344 [error] [Extension Host] View has not been initialized after retrying for 5 seconds.
2024-11-12 21:09:57.389 [error] [Extension Host] View has not been initialized after retrying for 5 seconds.
2024-11-12 21:09:57.426 [error] [Extension Host] View has not been initialized after retrying for 5 seconds.
2024-11-12 21:09:57.467 [error] [Extension Host] View has not been initialized after retrying for 5 seconds.
2024-11-12 21:09:57.515 [error] [Extension Host] View has not been initialized after retrying for 5 seconds.
2024-11-12 21:09:57.548 [error] [Extension Host] View has not been initialized after retrying for 5 seconds.
2024-11-12 21:09:57.582 [error] [Extension Host] View has not been initialized after retrying for 5 seconds.
2024-11-12 21:09:57.630 [error] [Extension Host] View has not been initialized after retrying for 5 seconds.
2024-11-12 21:09:57.667 [error] [Extension Host] View has not been initialized after retrying for 5 seconds.
2024-11-12 21:09:57.711 [error] [Extension Host] View has not been initialized after retrying for 5 seconds.
2024-11-12 21:09:57.862 [error] [Extension Host] View has not been initialized after retrying for 5 seconds.
2024-11-12 21:09:58.092 [error] [Extension Host] View has not been initialized after retrying for 5 seconds.
2024-11-12 21:09:58.277 [error] [Extension Host] View has not been initialized after retrying for 5 seconds.
2024-11-12 21:09:58.582 [error] [Extension Host] View has not been initialized after retrying for 5 seconds.
2024-11-12 21:09:59.192 [error] [Extension Host] View has not been initialized after retrying for 5 seconds.
2024-11-12 21:09:59.475 [error] [Extension Host] View has not been initialized after retrying for 5 seconds.
2024-11-12 21:10:00.071 [error] [Extension Host] View has not been initialized after retrying for 5 seconds.
2024-11-12 21:10:00.117 [error] [Extension Host] View has not been initialized after retrying for 5 seconds.
2024-11-12 21:10:00.152 [error] [Extension Host] View has not been initialized after retrying for 5 seconds.
2024-11-12 21:10:00.192 [error] [Extension Host] View has not been initialized after retrying for 5 seconds.
2024-11-12 21:10:00.235 [error] [Extension Host] View has not been initialized after retrying for 5 seconds.
2024-11-12 21:10:00.274 [error] [Extension Host] View has not been initialized after retrying for 5 seconds.
2024-11-12 21:10:00.312 [error] [Extension Host] View has not been initialized after retrying for 5 seconds.
2024-11-12 21:10:00.355 [error] [Extension Host] View has not been initialized after retrying for 5 seconds.
2024-11-12 21:10:00.394 [error] [Extension Host] View has not been initialized after retrying for 5 seconds.
2024-11-12 21:10:00.434 [error] [Extension Host] View has not been initialized after retrying for 5 seconds.
2024-11-12 21:10:00.477 [error] [Extension Host] View has not been initialized after retrying for 5 seconds.
2024-11-12 21:10:00.517 [error] [Extension Host] View has not been initialized after retrying for 5 seconds.
2024-11-12 21:10:00.563 [error] [Extension Host] View has not been initialized after retrying for 5 seconds.
2024-11-12 21:10:00.600 [error] [Extension Host] View has not been initialized after retrying for 5 seconds.
2024-11-12 21:10:00.639 [error] [Extension Host] View has not been initialized after retrying for 5 seconds.
2024-11-12 21:10:00.671 [error] [Extension Host] View has not been initialized after retrying for 5 seconds.
2024-11-12 21:10:00.718 [error] [Extension Host] View has not been initialized after retrying for 5 seconds.
2024-11-12 21:10:00.767 [error] [Extension Host] View has not been initialized after retrying for 5 seconds.
2024-11-12 21:10:00.795 [error] [Extension Host] View has not been initialized after retrying for 5 seconds.
2024-11-12 21:10:00.835 [error] [Extension Host] View has not been initialized after retrying for 5 seconds.
2024-11-12 21:10:00.878 [error] [Extension Host] View has not been initialized after retrying for 5 seconds.
2024-11-12 21:10:00.910 [error] [Extension Host] View has not been initialized after retrying for 5 seconds.
2024-11-12 21:10:00.959 [error] [Extension Host] View has not been initialized after retrying for 5 seconds.
2024-11-12 21:10:00.996 [error] [Extension Host] View has not been initialized after retrying for 5 seconds.
2024-11-12 21:10:01.041 [error] [Extension Host] View has not been initialized after retrying for 5 seconds.
2024-11-12 21:10:01.078 [error] [Extension Host] View has not been initialized after retrying for 5 seconds.
2024-11-12 21:10:01.120 [error] [Extension Host] View has not been initialized after retrying for 5 seconds.
2024-11-12 21:10:01.160 [error] [Extension Host] View has not been initialized after retrying for 5 seconds.
2024-11-12 21:10:01.196 [error] [Extension Host] View has not been initialized after retrying for 5 seconds.
2024-11-12 21:10:01.239 [error] [Extension Host] View has not been initialized after retrying for 5 seconds.
2024-11-12 21:10:01.277 [error] [Extension Host] View has not been initialized after retrying for 5 seconds.
2024-11-12 21:10:01.319 [error] [Extension Host] View has not been initialized after retrying for 5 seconds.
2024-11-12 21:10:01.356 [error] [Extension Host] View has not been initialized after retrying for 5 seconds.
2024-11-12 21:10:01.642 [error] [Extension Host] View has not been initialized after retrying for 5 seconds.
2024-11-12 21:10:01.804 [error] [Extension Host] View has not been initialized after retrying for 5 seconds.
2024-11-12 21:10:02.251 [error] [Extension Host] View has not been initialized after retrying for 5 seconds.
2024-11-12 21:10:02.415 [error] [Extension Host] View has not been initialized after retrying for 5 seconds.
2024-11-12 21:10:02.594 [error] [Extension Host] View has not been initialized after retrying for 5 seconds.
2024-11-12 21:10:02.735 [error] [Extension Host] View has not been initialized after retrying for 5 seconds.
2024-11-12 21:10:02.897 [error] [Extension Host] View has not been initialized after retrying for 5 seconds.
2024-11-12 21:10:03.047 [error] [Extension Host] View has not been initialized after retrying for 5 seconds.
2024-11-12 21:10:03.406 [error] [Extension Host] View has not been initialized after retrying for 5 seconds.
2024-11-12 21:10:03.558 [error] [Extension Host] View has not been initialized after retrying for 5 seconds.
2024-11-12 21:10:03.694 [error] [Extension Host] View has not been initialized after retrying for 5 seconds.
2024-11-12 21:10:04.327 [error] [Extension Host] View has not been initialized after retrying for 5 seconds.
2024-11-12 21:10:04.822 [error] [Extension Host] View has not been initialized after retrying for 5 seconds.
2024-11-12 21:10:05.772 [error] [Extension Host] View has not been initialized after retrying for 5 seconds.
2024-11-12 21:10:06.507 [error] [Extension Host] View has not been initialized after retrying for 5 seconds.
2024-11-12 21:10:06.817 [error] [Extension Host] View has not been initialized after retrying for 5 seconds.
2024-11-12 21:10:06.983 [error] [Extension Host] View has not been initialized after retrying for 5 seconds.
2024-11-12 21:10:07.154 [error] [Extension Host] View has not been initialized after retrying for 5 seconds.
2024-11-12 21:10:29.502 [error] [Extension Host] View has not been initialized after retrying for 5 seconds.
2024-11-12 21:10:31.382 [error] [Extension Host] View has not been initialized after retrying for 5 seconds.
2024-11-12 21:10:31.552 [error] [Extension Host] View has not been initialized after retrying for 5 seconds.
2024-11-12 21:10:32.104 [error] [Extension Host] View has not been initialized after retrying for 5 seconds.
2024-11-12 21:10:32.259 [error] [Extension Host] View has not been initialized after retrying for 5 seconds.
2024-11-12 21:10:32.425 [error] [Extension Host] View has not been initialized after retrying for 5 seconds.
2024-11-12 21:10:32.578 [error] [Extension Host] View has not been initialized after retrying for 5 seconds.
2024-11-12 21:10:32.759 [error] [Extension Host] View has not been initialized after retrying for 5 seconds.
2024-11-12 21:10:32.895 [error] [Extension Host] View has not been initialized after retrying for 5 seconds.
2024-11-12 21:10:33.036 [error] [Extension Host] View has not been initialized after retrying for 5 seconds.
2024-11-12 21:10:33.923 [error] [Extension Host] View has not been initialized after retrying for 5 seconds.
2024-11-12 21:10:34.082 [error] [Extension Host] View has not been initialized after retrying for 5 seconds.
2024-11-12 21:10:34.220 [error] [Extension Host] View has not been initialized after retrying for 5 seconds.
2024-11-12 21:10:34.803 [error] [Extension Host] View has not been initialized after retrying for 5 seconds.
2024-11-12 21:10:35.937 [error] [Extension Host] View has not been initialized after retrying for 5 seconds.
2024-11-12 21:10:36.462 [error] [Extension Host] View has not been initialized after retrying for 5 seconds.
2024-11-12 21:10:38.446 [error] [Extension Host] View has not been initialized after retrying for 5 seconds.
2024-11-12 21:13:26.482 [error] [Extension Host] View has not been initialized after retrying for 5 seconds.
2024-11-12 21:13:26.790 [error] [Extension Host] View has not been initialized after retrying for 5 seconds.
2024-11-12 21:13:26.822 [error] [Extension Host] View has not been initialized after retrying for 5 seconds.
2024-11-12 21:13:26.851 [error] [Extension Host] View has not been initialized after retrying for 5 seconds.
2024-11-12 21:13:26.892 [error] [Extension Host] View has not been initialized after retrying for 5 seconds.
2024-11-12 21:13:26.940 [error] [Extension Host] View has not been initialized after retrying for 5 seconds.
2024-11-12 21:13:26.957 [error] [Extension Host] View has not been initialized after retrying for 5 seconds.
2024-11-12 21:13:27.041 [error] [Extension Host] View has not been initialized after retrying for 5 seconds.
2024-11-12 21:13:27.120 [error] [Extension Host] View has not been initialized after retrying for 5 seconds.
2024-11-12 21:13:27.240 [error] [Extension Host] View has not been initialized after retrying for 5 seconds.
2024-11-12 21:13:27.310 [error] [Extension Host] View has not been initialized after retrying for 5 seconds.
2024-11-12 21:13:27.365 [error] [Extension Host] View has not been initialized after retrying for 5 seconds.
2024-11-12 21:13:27.388 [error] [Extension Host] View has not been initialized after retrying for 5 seconds.
2024-11-12 21:13:27.441 [error] [Extension Host] View has not been initialized after retrying for 5 seconds.
2024-11-12 21:13:27.492 [error] [Extension Host] View has not been initialized after retrying for 5 seconds.
2024-11-12 21:13:27.523 [error] [Extension Host] View has not been initialized after retrying for 5 seconds.
2024-11-12 21:13:27.641 [error] [Extension Host] View has not been initialized after retrying for 5 seconds.
2024-11-12 21:13:27.642 [error] [Extension Host] View has not been initialized after retrying for 5 seconds.
2024-11-12 21:13:27.649 [error] [Extension Host] View has not been initialized after retrying for 5 seconds.
2024-11-12 21:13:31.975 [error] [Extension Host] View has not been initialized after retrying for 5 seconds.
2024-11-12 21:13:32.294 [error] [Extension Host] View has not been initialized after retrying for 5 seconds.
2024-11-12 21:13:32.329 [error] [Extension Host] View has not been initialized after retrying for 5 seconds.
2024-11-12 21:13:32.367 [error] [Extension Host] View has not been initialized after retrying for 5 seconds.
2024-11-12 21:13:32.390 [error] [Extension Host] View has not been initialized after retrying for 5 seconds.
2024-11-12 21:13:32.425 [error] [Extension Host] View has not been initialized after retrying for 5 seconds.
2024-11-12 21:13:32.441 [error] [Extension Host] View has not been initialized after retrying for 5 seconds.
2024-11-12 21:13:32.475 [error] [Extension Host] View has not been initialized after retrying for 5 seconds.
2024-11-12 21:13:32.507 [error] [Extension Host] View has not been initialized after retrying for 5 seconds.
2024-11-12 21:13:32.559 [error] [Extension Host] View has not been initialized after retrying for 5 seconds.
2024-11-12 21:13:32.622 [error] [Extension Host] View has not been initialized after retrying for 5 seconds.
2024-11-12 21:13:32.675 [error] [Extension Host] View has not been initialized after retrying for 5 seconds.
2024-11-12 21:13:32.743 [error] [Extension Host] View has not been initialized after retrying for 5 seconds.
2024-11-12 21:13:32.795 [error] [Extension Host] View has not been initialized after retrying for 5 seconds.
2024-11-12 21:13:32.825 [error] [Extension Host] View has not been initialized after retrying for 5 seconds.
2024-11-12 21:13:33.612 [error] [Extension Host] View has not been initialized after retrying for 5 seconds.
2024-11-12 21:13:36.146 [error] [Extension Host] View has not been initialized after retrying for 5 seconds.
2024-11-12 21:13:36.768 [error] [Extension Host] View has not been initialized after retrying for 5 seconds.
2024-11-12 21:13:37.419 [error] [Extension Host] View has not been initialized after retrying for 5 seconds.
2024-11-12 21:13:37.735 [error] [Extension Host] View has not been initialized after retrying for 5 seconds.
2024-11-12 21:13:37.935 [error] [Extension Host] View has not been initialized after retrying for 5 seconds.
2024-11-12 21:13:38.121 [error] [Extension Host] View has not been initialized after retrying for 5 seconds.
2024-11-12 21:13:38.603 [error] [Extension Host] View has not been initialized after retrying for 5 seconds.
2024-11-12 21:13:38.958 [error] [Extension Host] View has not been initialized after retrying for 5 seconds.
2024-11-12 21:13:39.509 [error] [Extension Host] View has not been initialized after retrying for 5 seconds.
2024-11-12 21:13:39.815 [error] [Extension Host] View has not been initialized after retrying for 5 seconds.
2024-11-12 21:13:40.092 [error] [Extension Host] View has not been initialized after retrying for 5 seconds.
2024-11-12 21:13:40.566 [error] [Extension Host] View has not been initialized after retrying for 5 seconds.
2024-11-12 21:13:41.090 [error] [Extension Host] View has not been initialized after retrying for 5 seconds.
2024-11-12 21:13:41.318 [error] [Extension Host] View has not been initialized after retrying for 5 seconds.
2024-11-12 21:13:41.491 [error] [Extension Host] View has not been initialized after retrying for 5 seconds.
2024-11-12 21:13:41.888 [error] [Extension Host] View has not been initialized after retrying for 5 seconds.
2024-11-12 21:13:48.846 [error] [Extension Host] View has not been initialized after retrying for 5 seconds.
2024-11-12 21:13:49.600 [error] [Extension Host] View has not been initialized after retrying for 5 seconds.
2024-11-12 21:13:50.281 [error] [Extension Host] View has not been initialized after retrying for 5 seconds.
2024-11-12 21:13:50.569 [error] [Extension Host] View has not been initialized after retrying for 5 seconds.
2024-11-12 21:13:50.741 [error] [Extension Host] View has not been initialized after retrying for 5 seconds.
2024-11-12 21:13:50.876 [error] [Extension Host] View has not been initialized after retrying for 5 seconds.
2024-11-12 21:13:51.015 [error] [Extension Host] View has not been initialized after retrying for 5 seconds.
2024-11-12 21:13:51.179 [error] [Extension Host] View has not been initialized after retrying for 5 seconds.
2024-11-12 21:13:51.608 [error] [Extension Host] View has not been initialized after retrying for 5 seconds.
2024-11-12 21:13:51.778 [error] [Extension Host] View has not been initialized after retrying for 5 seconds.
2024-11-12 21:13:51.921 [error] [Extension Host] View has not been initialized after retrying for 5 seconds.
2024-11-12 21:13:52.067 [error] [Extension Host] View has not been initialized after retrying for 5 seconds.
2024-11-12 21:13:52.194 [error] [Extension Host] View has not been initialized after retrying for 5 seconds.
2024-11-12 21:13:52.351 [error] [Extension Host] View has not been initialized after retrying for 5 seconds.
2024-11-12 21:13:52.494 [error] [Extension Host] View has not been initialized after retrying for 5 seconds.
2024-11-12 21:13:52.609 [error] [Extension Host] View has not been initialized after retrying for 5 seconds.
2024-11-12 21:13:52.751 [error] [Extension Host] View has not been initialized after retrying for 5 seconds.
2024-11-12 21:13:52.902 [error] [Extension Host] View has not been initialized after retrying for 5 seconds.
2024-11-12 21:13:53.002 [error] [Extension Host] View has not been initialized after retrying for 5 seconds.
2024-11-12 21:13:53.145 [error] [Extension Host] View has not been initialized after retrying for 5 seconds.
2024-11-12 21:13:53.300 [error] [Extension Host] View has not been initialized after retrying for 5 seconds.
2024-11-12 21:13:53.436 [error] [Extension Host] View has not been initialized after retrying for 5 seconds.
2024-11-12 21:13:53.570 [error] [Extension Host] View has not been initialized after retrying for 5 seconds.
2024-11-12 21:13:53.699 [error] [Extension Host] View has not been initialized after retrying for 5 seconds.
2024-11-12 21:13:54.054 [error] [Extension Host] View has not been initialized after retrying for 5 seconds.
2024-11-12 21:13:54.257 [error] [Extension Host] View has not been initialized after retrying for 5 seconds.
2024-11-12 21:13:54.703 [error] [Extension Host] View has not been initialized after retrying for 5 seconds.
2024-11-12 21:13:56.734 [error] [Extension Host] View has not been initialized after retrying for 5 seconds.
2024-11-12 21:13:57.312 [error] [Extension Host] View has not been initialized after retrying for 5 seconds.
2024-11-12 21:13:58.018 [error] [Extension Host] View has not been initialized after retrying for 5 seconds.
2024-11-12 21:13:58.179 [error] [Extension Host] View has not been initialized after retrying for 5 seconds.
2024-11-12 21:13:58.313 [error] [Extension Host] View has not been initialized after retrying for 5 seconds.
2024-11-12 21:13:58.445 [error] [Extension Host] View has not been initialized after retrying for 5 seconds.
2024-11-12 21:13:58.562 [error] [Extension Host] View has not been initialized after retrying for 5 seconds.
2024-11-12 21:13:59.155 [error] [Extension Host] View has not been initialized after retrying for 5 seconds.
2024-11-12 21:13:59.196 [error] [Extension Host] View has not been initialized after retrying for 5 seconds.
2024-11-12 21:13:59.235 [error] [Extension Host] View has not been initialized after retrying for 5 seconds.
2024-11-12 21:13:59.285 [error] [Extension Host] View has not been initialized after retrying for 5 seconds.
2024-11-12 21:13:59.519 [error] [Extension Host] View has not been initialized after retrying for 5 seconds.
2024-11-12 21:13:59.792 [error] [Extension Host] View has not been initialized after retrying for 5 seconds.
2024-11-12 21:14:00.174 [error] [Extension Host] View has not been initialized after retrying for 5 seconds.
2024-11-12 21:14:00.781 [error] [Extension Host] View has not been initialized after retrying for 5 seconds.
2024-11-12 21:14:00.818 [error] [Extension Host] View has not been initialized after retrying for 5 seconds.
2024-11-12 21:14:00.877 [error] [Extension Host] View has not been initialized after retrying for 5 seconds.
2024-11-12 21:14:00.899 [error] [Extension Host] View has not been initialized after retrying for 5 seconds.
2024-11-12 21:14:00.940 [error] [Extension Host] View has not been initialized after retrying for 5 seconds.
2024-11-12 21:14:00.982 [error] [Extension Host] View has not been initialized after retrying for 5 seconds.
2024-11-12 21:14:01.022 [error] [Extension Host] View has not been initialized after retrying for 5 seconds.
2024-11-12 21:14:01.063 [error] [Extension Host] View has not been initialized after retrying for 5 seconds.
2024-11-12 21:14:01.109 [error] [Extension Host] View has not been initialized after retrying for 5 seconds.
2024-11-12 21:14:01.138 [error] [Extension Host] View has not been initialized after retrying for 5 seconds.
2024-11-12 21:14:01.182 [error] [Extension Host] View has not been initialized after retrying for 5 seconds.
2024-11-12 21:14:01.223 [error] [Extension Host] View has not been initialized after retrying for 5 seconds.
2024-11-12 21:14:01.266 [error] [Extension Host] View has not been initialized after retrying for 5 seconds.
2024-11-12 21:14:01.629 [error] [Extension Host] View has not been initialized after retrying for 5 seconds.
2024-11-12 21:14:03.064 [error] [Extension Host] View has not been initialized after retrying for 5 seconds.
2024-11-12 21:14:03.665 [error] [Extension Host] View has not been initialized after retrying for 5 seconds.
2024-11-12 21:14:03.704 [error] [Extension Host] View has not been initialized after retrying for 5 seconds.
2024-11-12 21:14:03.744 [error] [Extension Host] View has not been initialized after retrying for 5 seconds.
2024-11-12 21:14:03.792 [error] [Extension Host] View has not been initialized after retrying for 5 seconds.
2024-11-12 21:14:03.826 [error] [Extension Host] View has not been initialized after retrying for 5 seconds.
2024-11-12 21:14:03.863 [error] [Extension Host] View has not been initialized after retrying for 5 seconds.
2024-11-12 21:14:03.908 [error] [Extension Host] View has not been initialized after retrying for 5 seconds.
2024-11-12 21:14:03.943 [error] [Extension Host] View has not been initialized after retrying for 5 seconds.
2024-11-12 21:14:03.993 [error] [Extension Host] View has not been initialized after retrying for 5 seconds.
2024-11-12 21:14:04.040 [error] [Extension Host] View has not been initialized after retrying for 5 seconds.
2024-11-12 21:14:04.065 [error] [Extension Host] View has not been initialized after retrying for 5 seconds.
2024-11-12 21:14:04.108 [error] [Extension Host] View has not been initialized after retrying for 5 seconds.
2024-11-12 21:14:04.146 [error] [Extension Host] View has not been initialized after retrying for 5 seconds.
2024-11-12 21:14:04.185 [error] [Extension Host] View has not been initialized after retrying for 5 seconds.
2024-11-12 21:14:04.226 [error] [Extension Host] View has not been initialized after retrying for 5 seconds.
2024-11-12 21:14:04.267 [error] [Extension Host] View has not been initialized after retrying for 5 seconds.
2024-11-12 21:14:04.870 [error] [Extension Host] View has not been initialized after retrying for 5 seconds.
2024-11-12 21:14:08.772 [error] [Extension Host] View has not been initialized after retrying for 5 seconds.
2024-11-12 21:14:09.994 [error] [Extension Host] View has not been initialized after retrying for 5 seconds.
2024-11-12 21:14:10.151 [error] [Extension Host] View has not been initialized after retrying for 5 seconds.
2024-11-12 21:14:10.481 [error] [Extension Host] View has not been initialized after retrying for 5 seconds.
2024-11-12 21:14:10.638 [error] [Extension Host] View has not been initialized after retrying for 5 seconds.
2024-11-12 21:14:10.811 [error] [Extension Host] View has not been initialized after retrying for 5 seconds.
2024-11-12 21:14:12.209 [error] [Extension Host] View has not been initialized after retrying for 5 seconds.
2024-11-12 21:14:15.900 [error] [Extension Host] View has not been initialized after retrying for 5 seconds.
2024-11-12 21:14:16.360 [error] [Extension Host] View has not been initialized after retrying for 5 seconds.
2024-11-12 21:14:16.677 [error] [Extension Host] View has not been initialized after retrying for 5 seconds.
2024-11-12 21:14:17.934 [error] [Extension Host] View has not been initialized after retrying for 5 seconds.
2024-11-12 21:14:18.612 [error] [Extension Host] View has not been initialized after retrying for 5 seconds.
2024-11-12 21:14:18.960 [error] [Extension Host] View has not been initialized after retrying for 5 seconds.
2024-11-12 21:14:19.364 [error] [Extension Host] View has not been initialized after retrying for 5 seconds.
2024-11-12 21:14:19.653 [error] [Extension Host] View has not been initialized after retrying for 5 seconds.
2024-11-12 21:14:19.769 [error] [Extension Host] View has not been initialized after retrying for 5 seconds.
2024-11-12 21:14:19.980 [error] [Extension Host] View has not been initialized after retrying for 5 seconds.
2024-11-12 21:14:20.115 [error] [Extension Host] View has not been initialized after retrying for 5 seconds.
2024-11-12 21:14:22.063 [error] [Extension Host] View has not been initialized after retrying for 5 seconds.
2024-11-12 21:15:21.821 [error] [Extension Host] View has not been initialized after retrying for 5 seconds.
2024-11-12 21:15:23.047 [error] [Extension Host] View has not been initialized after retrying for 5 seconds.
2024-11-12 21:15:23.393 [error] [Extension Host] View has not been initialized after retrying for 5 seconds.
2024-11-12 21:15:23.557 [error] [Extension Host] View has not been initialized after retrying for 5 seconds.
2024-11-12 21:15:23.737 [error] [Extension Host] View has not been initialized after retrying for 5 seconds.
2024-11-12 21:15:23.969 [error] [Extension Host] View has not been initialized after retrying for 5 seconds.
2024-11-12 21:15:28.445 [error] [Extension Host] View has not been initialized after retrying for 5 seconds.
2024-11-12 21:15:28.689 [error] [Extension Host] View has not been initialized after retrying for 5 seconds.
2024-11-12 21:15:28.710 [error] [Extension Host] View has not been initialized after retrying for 5 seconds.
2024-11-12 21:15:28.718 [error] [Extension Host] View has not been initialized after retrying for 5 seconds.
2024-11-12 21:15:28.738 [error] [Extension Host] View has not been initialized after retrying for 5 seconds.
2024-11-12 21:15:28.754 [error] [Extension Host] View has not been initialized after retrying for 5 seconds.
2024-11-12 21:15:28.771 [error] [Extension Host] View has not been initialized after retrying for 5 seconds.
2024-11-12 21:15:28.787 [error] [Extension Host] View has not been initialized after retrying for 5 seconds.
2024-11-12 21:15:28.804 [error] [Extension Host] View has not been initialized after retrying for 5 seconds.
2024-11-12 21:15:28.819 [error] [Extension Host] View has not been initialized after retrying for 5 seconds.
2024-11-12 21:15:28.842 [error] [Extension Host] View has not been initialized after retrying for 5 seconds.
2024-11-12 21:15:28.923 [error] [Extension Host] View has not been initialized after retrying for 5 seconds.
2024-11-12 21:15:28.939 [error] [Extension Host] View has not been initialized after retrying for 5 seconds.
2024-11-12 21:15:28.957 [error] [Extension Host] View has not been initialized after retrying for 5 seconds.
2024-11-12 21:15:28.968 [error] [Extension Host] View has not been initialized after retrying for 5 seconds.
2024-11-12 21:15:28.988 [error] [Extension Host] View has not been initialized after retrying for 5 seconds.
2024-11-12 21:15:29.004 [error] [Extension Host] View has not been initialized after retrying for 5 seconds.
2024-11-12 21:15:29.021 [error] [Extension Host] View has not been initialized after retrying for 5 seconds.
2024-11-12 21:15:29.037 [error] [Extension Host] View has not been initialized after retrying for 5 seconds.
2024-11-12 21:15:29.055 [error] [Extension Host] View has not been initialized after retrying for 5 seconds.
2024-11-12 21:15:29.069 [error] [Extension Host] View has not been initialized after retrying for 5 seconds.
2024-11-12 21:15:29.092 [error] [Extension Host] View has not been initialized after retrying for 5 seconds.
2024-11-12 21:15:29.103 [error] [Extension Host] View has not been initialized after retrying for 5 seconds.
2024-11-12 21:15:29.122 [error] [Extension Host] View has not been initialized after retrying for 5 seconds.
2024-11-12 21:15:29.139 [error] [Extension Host] View has not been initialized after retrying for 5 seconds.
2024-11-12 21:15:29.404 [error] [Extension Host] View has not been initialized after retrying for 5 seconds.
2024-11-12 21:15:29.416 [error] [Extension Host] View has not been initialized after retrying for 5 seconds.
2024-11-12 21:15:29.439 [error] [Extension Host] View has not been initialized after retrying for 5 seconds.
2024-11-12 21:15:29.457 [error] [Extension Host] View has not been initialized after retrying for 5 seconds.
2024-11-12 21:15:29.490 [error] [Extension Host] View has not been initialized after retrying for 5 seconds.
2024-11-12 21:15:29.506 [error] [Extension Host] View has not been initialized after retrying for 5 seconds.
2024-11-12 21:15:29.538 [error] [Extension Host] View has not been initialized after retrying for 5 seconds.
2024-11-12 21:15:29.556 [error] [Extension Host] View has not been initialized after retrying for 5 seconds.
2024-11-12 21:15:29.572 [error] [Extension Host] View has not been initialized after retrying for 5 seconds.
2024-11-12 21:15:29.592 [error] [Extension Host] View has not been initialized after retrying for 5 seconds.
2024-11-12 21:15:29.603 [error] [Extension Host] View has not been initialized after retrying for 5 seconds.
2024-11-12 21:15:29.640 [error] [Extension Host] View has not been initialized after retrying for 5 seconds.
2024-11-12 21:15:29.674 [error] [Extension Host] View has not been initialized after retrying for 5 seconds.
2024-11-12 21:15:29.718 [error] [Extension Host] View has not been initialized after retrying for 5 seconds.
2024-11-12 21:15:29.756 [error] [Extension Host] View has not been initialized after retrying for 5 seconds.
2024-11-12 21:15:29.843 [error] [Extension Host] View has not been initialized after retrying for 5 seconds.
2024-11-12 21:15:30.301 [error] [Extension Host] View has not been initialized after retrying for 5 seconds.
2024-11-12 21:15:35.150 [error] [Extension Host] View has not been initialized after retrying for 5 seconds.
2024-11-12 21:15:35.663 [error] [Extension Host] View has not been initialized after retrying for 5 seconds.
2024-11-12 21:15:35.866 [error] [Extension Host] View has not been initialized after retrying for 5 seconds.
2024-11-12 21:15:36.033 [error] [Extension Host] View has not been initialized after retrying for 5 seconds.
2024-11-12 21:15:36.284 [error] [Extension Host] View has not been initialized after retrying for 5 seconds.
2024-11-12 21:15:37.920 [error] [Extension Host] View has not been initialized after retrying for 5 seconds.
2024-11-12 21:15:38.553 [error] [Extension Host] View has not been initialized after retrying for 5 seconds.
2024-11-12 21:15:38.719 [error] [Extension Host] View has not been initialized after retrying for 5 seconds.
2024-11-12 21:15:38.870 [error] [Extension Host] View has not been initialized after retrying for 5 seconds.
2024-11-12 21:15:39.089 [error] [Extension Host] View has not been initialized after retrying for 5 seconds.
2024-11-12 21:15:40.753 [error] [Extension Host] View has not been initialized after retrying for 5 seconds.
2024-11-12 21:15:41.179 [error] [Extension Host] View has not been initialized after retrying for 5 seconds.
2024-11-12 21:15:41.375 [error] [Extension Host] View has not been initialized after retrying for 5 seconds.
2024-11-12 21:15:41.522 [error] [Extension Host] View has not been initialized after retrying for 5 seconds.
2024-11-12 21:15:41.773 [error] [Extension Host] View has not been initialized after retrying for 5 seconds.
2024-11-12 21:15:45.469 [error] [Extension Host] View has not been initialized after retrying for 5 seconds.
2024-11-12 21:15:46.193 [error] [Extension Host] View has not been initialized after retrying for 5 seconds.
2024-11-12 21:15:46.520 [error] [Extension Host] View has not been initialized after retrying for 5 seconds.
2024-11-12 21:15:46.715 [error] [Extension Host] View has not been initialized after retrying for 5 seconds.
2024-11-12 21:15:46.877 [error] [Extension Host] View has not been initialized after retrying for 5 seconds.
2024-11-12 21:15:47.127 [error] [Extension Host] View has not been initialized after retrying for 5 seconds.
2024-11-12 21:16:49.221 [error] [Extension Host] View has not been initialized after retrying for 5 seconds.
2024-11-12 21:16:50.007 [error] [Extension Host] View has not been initialized after retrying for 5 seconds.
2024-11-12 21:16:50.363 [error] [Extension Host] View has not been initialized after retrying for 5 seconds.
2024-11-12 21:21:11.053 [warning] [backup tracker] suspended, ignoring unregister event file:///home/endo/.continue/config.json 
