2024-11-12 18:55:24.316 [info] Started local extension host with pid 129376.
2024-11-12 18:55:24.664 [info] Settings Sync: Updating authentication providers. Authentication Providers from store: [{"id":"github","scopes":["user:email"]},{"id":"microsoft","scopes":["openid","profile","email","offline_access"]}]
2024-11-12 18:55:24.664 [info] Settings Sync: Authentication providers updated []
2024-11-12 18:55:24.788 [info] Settings Sync: Updating authentication providers. Authentication Providers from store: [{"id":"github","scopes":["user:email"]},{"id":"microsoft","scopes":["openid","profile","email","offline_access"]}]
2024-11-12 18:55:24.788 [info] Settings Sync: Authentication providers updated ["github"]
2024-11-12 18:55:24.789 [info] Settings Sync: Updating authentication providers. Authentication Providers from store: [{"id":"github","scopes":["user:email"]},{"id":"microsoft","scopes":["openid","profile","email","offline_access"]}]
2024-11-12 18:55:24.789 [info] Settings Sync: Authentication providers updated ["github"]
2024-11-12 18:55:24.789 [info] Settings Sync: Updating due to declared authentication providers changed
2024-11-12 18:55:24.789 [info] Settings Sync: Updating authentication providers. Authentication Providers from store: [{"id":"github","scopes":["user:email"]},{"id":"microsoft","scopes":["openid","profile","email","offline_access"]}]
2024-11-12 18:55:24.790 [info] Settings Sync: Authentication providers updated ["github"]
2024-11-12 18:55:24.790 [info] Settings Sync: Updating authentication providers. Authentication Providers from store: [{"id":"github","scopes":["user:email"]},{"id":"microsoft","scopes":["openid","profile","email","offline_access"]}]
2024-11-12 18:55:24.790 [info] Settings Sync: Authentication providers updated ["github","microsoft"]
2024-11-12 18:55:24.791 [info] Settings Sync: Updating authentication providers. Authentication Providers from store: [{"id":"github","scopes":["user:email"]},{"id":"microsoft","scopes":["openid","profile","email","offline_access"]}]
2024-11-12 18:55:24.791 [info] Settings Sync: Authentication providers updated ["github","microsoft"]
2024-11-12 18:55:24.791 [info] Settings Sync: Updating due to declared authentication providers changed
2024-11-12 18:55:24.792 [info] Settings Sync: Updating authentication providers. Authentication Providers from store: [{"id":"github","scopes":["user:email"]},{"id":"microsoft","scopes":["openid","profile","email","offline_access"]}]
2024-11-12 18:55:24.792 [info] Settings Sync: Authentication providers updated ["github","microsoft"]
2024-11-12 18:55:25.688 [info] Settings Sync: Updating authentication providers. Authentication Providers from store: [{"id":"github","scopes":["user:email"]},{"id":"microsoft","scopes":["openid","profile","email","offline_access"]}]
2024-11-12 18:55:25.688 [info] Settings Sync: Authentication providers updated ["github","microsoft"]
2024-11-12 18:55:27.030 [info] [perf] Render performance baseline is 31ms
2024-11-12 18:55:32.753 [info] Settings Sync: Updating due to change in sessions
2024-11-12 18:55:32.754 [info] Settings Sync: Updating authentication providers. Authentication Providers from store: [{"id":"github","scopes":["user:email"]},{"id":"microsoft","scopes":["openid","profile","email","offline_access"]}]
2024-11-12 18:55:32.754 [info] Settings Sync: Authentication providers updated ["github","microsoft"]
2024-11-12 18:55:32.758 [info] Settings Sync: Updated current session f8cdef31-a31e-4b4a-93e4-5f571e91255a/1:live.com:00030000174F7408/328f15b7-f655-4456-b1b7-a591495bbfc8
2024-11-12 18:55:32.759 [info] Settings Sync: Updating authentication providers. Authentication Providers from store: [{"id":"github","scopes":["user:email"]},{"id":"microsoft","scopes":["openid","profile","email","offline_access"]}]
2024-11-12 18:55:32.760 [info] Settings Sync: Authentication providers updated ["github","microsoft"]
2024-11-12 18:55:45.686 [info] Settings Sync: Updating authentication providers. Authentication Providers from store: [{"id":"github","scopes":["user:email"]},{"id":"microsoft","scopes":["openid","profile","email","offline_access"]}]
2024-11-12 18:55:45.687 [info] Settings Sync: Authentication providers updated ["github","microsoft"]
2024-11-12 18:57:59.208 [info] Settings Sync: Updating due to change in sessions
2024-11-12 18:57:59.209 [info] Settings Sync: Updating authentication providers. Authentication Providers from store: [{"id":"github","scopes":["user:email"]},{"id":"microsoft","scopes":["openid","profile","email","offline_access"]}]
2024-11-12 18:57:59.209 [info] Settings Sync: Authentication providers updated ["github","microsoft"]
2024-11-12 18:57:59.214 [info] Settings Sync: Reset current session
2024-11-12 18:57:59.215 [info] Settings Sync: Updating due to change in sessions
2024-11-12 18:57:59.216 [info] Settings Sync: Updating authentication providers. Authentication Providers from store: [{"id":"github","scopes":["user:email"]},{"id":"microsoft","scopes":["openid","profile","email","offline_access"]}]
2024-11-12 18:57:59.216 [info] Settings Sync: Authentication providers updated ["github","microsoft"]
2024-11-12 18:57:59.219 [info] Settings Sync: Updating due to change in sessions
2024-11-12 18:57:59.220 [info] Settings Sync: Updating authentication providers. Authentication Providers from store: [{"id":"github","scopes":["user:email"]},{"id":"microsoft","scopes":["openid","profile","email","offline_access"]}]
2024-11-12 18:57:59.220 [info] Settings Sync: Authentication providers updated ["github","microsoft"]
2024-11-12 18:59:38.720 [info] Settings Sync: Updating due to change in sessions
2024-11-12 18:59:38.772 [info] Settings Sync: Updating authentication providers. Authentication Providers from store: [{"id":"github","scopes":["user:email"]},{"id":"microsoft","scopes":["openid","profile","email","offline_access"]}]
2024-11-12 18:59:38.772 [info] Settings Sync: Authentication providers updated ["github","microsoft"]
2024-11-12 18:59:50.503 [info] Settings Sync: Updating due to change in sessions
2024-11-12 18:59:50.503 [info] Settings Sync: Updating authentication providers. Authentication Providers from store: [{"id":"github","scopes":["user:email"]},{"id":"microsoft","scopes":["openid","profile","email","offline_access"]}]
2024-11-12 18:59:50.504 [info] Settings Sync: Authentication providers updated ["github","microsoft"]
2024-11-12 18:59:50.508 [info] Settings Sync: Updated current session f8cdef31-a31e-4b4a-93e4-5f571e91255a/1:live.com:00030000174F7408/cbe3c635-c0bc-4b9e-96b2-aea9ba838a16
2024-11-12 18:59:50.508 [info] Settings Sync: Updating authentication providers. Authentication Providers from store: [{"id":"github","scopes":["user:email"]},{"id":"microsoft","scopes":["openid","profile","email","offline_access"]}]
2024-11-12 18:59:50.509 [info] Settings Sync: Authentication providers updated ["github","microsoft"]
