2024-11-12 18:39:42.466 [info] Reading sessions from keychain...
2024-11-12 18:39:42.466 [info] Getting sessions for all scopes...
2024-11-12 18:39:42.466 [info] Got 0 sessions for ...
2024-11-12 18:39:42.466 [info] Getting sessions for all scopes...
2024-11-12 18:39:42.466 [info] Got 0 sessions for ...
2024-11-12 18:39:42.466 [info] Getting sessions for all scopes...
2024-11-12 18:39:42.466 [info] Got 0 sessions for ...
2024-11-12 18:39:42.466 [info] Getting sessions for user:email...
2024-11-12 18:39:42.466 [info] Got 0 sessions for user:email...
2024-11-12 18:43:52.663 [info] Getting sessions for user:email...
2024-11-12 18:43:52.663 [info] Got 0 sessions for user:email...
2024-11-12 18:44:24.606 [info] Getting sessions for user:email...
2024-11-12 18:44:24.606 [info] Got 0 sessions for user:email...
2024-11-12 18:45:34.186 [info] Getting sessions for user:email...
2024-11-12 18:45:34.186 [info] Got 0 sessions for user:email...
2024-11-12 18:45:37.151 [info] Logging in with 'any' account...
2024-11-12 18:45:37.151 [info] Logging in for the following scopes: user:email
2024-11-12 18:45:37.163 [info] Trying without local server... (user:email)
2024-11-12 18:46:05.049 [info] Getting sessions for user:email...
2024-11-12 18:46:05.049 [info] Got 0 sessions for user:email...
2024-11-12 18:46:08.872 [info] Logging in with 'any' account...
2024-11-12 18:46:08.872 [info] Logging in for the following scopes: user:email
2024-11-12 18:46:08.876 [info] Trying without local server... (user:email)
2024-11-12 18:46:43.883 [error] User Cancelled
2024-11-12 18:46:43.883 [error] Cancelled
2024-11-12 18:46:46.834 [info] Trying with local server... (user:email)
2024-11-12 18:46:50.674 [info] Exchanging code for token...
2024-11-12 18:46:50.970 [info] Token exchange success!
2024-11-12 18:46:50.971 [info] Getting user info...
2024-11-12 18:46:51.221 [info] Got account info!
2024-11-12 18:46:51.222 [info] Storing 1 sessions...
2024-11-12 18:46:51.224 [info] Reading sessions from keychain...
2024-11-12 18:46:51.224 [info] Stored 1 sessions!
2024-11-12 18:46:51.224 [info] Login success!
2024-11-12 18:46:51.225 [info] Got stored sessions!
2024-11-12 18:46:51.225 [info] Got 1 verified sessions.
